[0mGET / [36m304 [0m15.986 ms - -[0m
OK
[0mGET /stylesheets/style.css [36m304 [0m2.947 ms - -[0m
[0mGET /favicon.ico [32m200 [0m3.263 ms - 67646[0m
[0mGET / [36m304 [0m3.064 ms - -[0m
OK
[0mGET /stylesheets/style.css [36m304 [0m0.390 ms - -[0m
[0mGET /favicon.ico [32m200 [0m1.131 ms - 67646[0m
[0mGET / [36m304 [0m1.053 ms - -[0m
OK
[0mGET /stylesheets/style.css [36m304 [0m0.248 ms - -[0m
[0mGET /favicon.ico [32m200 [0m0.557 ms - 67646[0m
[0mGET / [36m304 [0m1.275 ms - -[0m
OK
[0mGET /stylesheets/style.css [36m304 [0m0.442 ms - -[0m
[0mGET /favicon.ico [32m200 [0m1.300 ms - 67646[0m
[0mGET / [36m304 [0m2.395 ms - -[0m
OK
[0mGET /stylesheets/style.css [36m304 [0m0.281 ms - -[0m
[0mGET /favicon.ico [32m200 [0m0.783 ms - 67646[0m
[0mGET / [36m304 [0m1.042 ms - -[0m
OK
[0mGET /stylesheets/style.css [36m304 [0m0.365 ms - -[0m
[0mGET /favicon.ico [32m200 [0m0.531 ms - 67646[0m
[0mGET / [36m304 [0m1.578 ms - -[0m
OK
[0mGET /stylesheets/style.css [36m304 [0m0.949 ms - -[0m
[0mGET /favicon.ico [32m200 [0m0.651 ms - 67646[0m
[0mGET / [32m200 [0m1.561 ms - 207[0m
OK
[0mGET /stylesheets/style.css [32m200 [0m0.661 ms - 111[0m
[0mGET /favicon.ico [32m200 [0m1.162 ms - 67646[0m
[0mGET /update.json [36m304 [0m2.445 ms - -[0m
[0mPOST /collectphone [32m200 [0m176.577 ms - 46[0m
[0mPOST /setgetui [32m200 [0m11.222 ms - 41[0m
[0mPOST /getuserinfo [32m200 [0m7.169 ms - 540[0m
[0mGET /upload/da0d0555d095d00702eb6544a9893bdb.jpg [36m304 [0m2.646 ms - -[0m
[0mGET /upload/da0d0555d095d00702eb6544a9893bdb.jpg [36m304 [0m0.506 ms - -[0m
[0mGET /upload/head.jpg [36m304 [0m0.469 ms - -[0m
[0mGET /upload/be7935200919ac8ac87b0604ca02ce9e.jpg [36m304 [0m0.298 ms - -[0m
[0mGET /upload/da0d0555d095d00702eb6544a9893bdb.jpg [36m304 [0m1.066 ms - -[0m
[0mGET /upload/head.jpg [36m304 [0m0.690 ms - -[0m
[0mGET /upload/be7935200919ac8ac87b0604ca02ce9e.jpg [36m304 [0m0.416 ms - -[0m
[0mPOST /getmycard [32m200 [0m6.290 ms - 449[0m
[0mGET /upload/da0d0555d095d00702eb6544a9893bdb.jpg [36m304 [0m0.566 ms - -[0m
[0mPOST /getmycard [32m200 [0m5.195 ms - 449[0m
[0mPOST /getmycard [32m200 [0m5.684 ms - 449[0m
[0mGET /upload/da0d0555d095d00702eb6544a9893bdb.jpg [36m304 [0m0.530 ms - -[0m
[0mPOST /getmycard [32m200 [0m5.441 ms - 449[0m
[0mGET /upload/da0d0555d095d00702eb6544a9893bdb.jpg [36m304 [0m0.816 ms - -[0m
[0mGET /update.json [36m304 [0m0.608 ms - -[0m
[0mPOST /setgetui [32m200 [0m3.972 ms - 41[0m
[0mPOST /getuserinfo [32m200 [0m4.441 ms - 540[0m
[0mGET /upload/da0d0555d095d00702eb6544a9893bdb.jpg [36m304 [0m0.441 ms - -[0m
[0mGET /upload/da0d0555d095d00702eb6544a9893bdb.jpg [36m304 [0m0.356 ms - -[0m
[0mGET /upload/head.jpg [36m304 [0m0.606 ms - -[0m
[0mGET /upload/be7935200919ac8ac87b0604ca02ce9e.jpg [36m304 [0m0.432 ms - -[0m
[0mGET /upload/da0d0555d095d00702eb6544a9893bdb.jpg [36m304 [0m0.481 ms - -[0m
[0mGET /upload/head.jpg [36m304 [0m0.281 ms - -[0m
[0mGET /upload/be7935200919ac8ac87b0604ca02ce9e.jpg [36m304 [0m0.434 ms - -[0m
[0mPOST /listmembers [32m200 [0m13.688 ms - 316[0m
[0mGET /upload/da0d0555d095d00702eb6544a9893bdb.jpg [36m304 [0m0.391 ms - -[0m
[0mGET /upload/head.jpg [36m304 [0m0.400 ms - -[0m
[0mGET /upload/be7935200919ac8ac87b0604ca02ce9e.jpg [36m304 [0m0.609 ms - -[0m
å´æ—è¾‰:18906032142|è¢ä¿®æ–Œ:18796019653|è‹å‡¯:18013445499|é‚±é‡‘å†°:15050868990|æ–¹ä¹™åŒ:15951820868|å¼ æ²ˆæ³¢:18121020447|å†’å°æ…§:18662259242|å­™é’°å°å§¨:18918166604|æ–¹ä¹™åŒ:18501704596|é¡¾å‡çº§:18662051239|å¼ ç¾:13815155893|é™ˆè‰¯å‘¨å¸ˆå‚…:15161920057|èƒ¡æ€€æ’­:13337778966|æ›¾å‡¡å†›:13817733804|è¢ä¿®æ–Œ:18305160191|é™¶å…°:15950271975|æ˜¥æ¢…:13564781623|æˆ´æ˜Ÿæ˜Ÿ:15105110755|è‰¾æ°é£äººåŠ›èµ„æº:15000587187|é‡‘è´å£³ æ›¾å“¥:13817528790|æ–‡æ³¢:18501791578|å‘¨å°æ´:18352070979|é‘«é‡‘æ‰€ å­™æ¸¡:18629577321|ç¼˜æ¥é²œææµ©ç„¶:13162105045|ä¸Šæµ·é•¿åŸå®½å¸¦:18621029075|é¡¹ä»æ´‹:13952949248|åº„èè:18061821107|å¼ æµ·ä¸½:15262903565|å¼ ä¿Š:15502172960|æ–¹å›½è´¢:15961927648|ç›åŸ å…¬å¸æ³¨å†Œ:15366554444|å¼ åˆ›:18602896391|å‘¨å©·å©·:13524583402|æ–¹å›½å‘:18761287118|å°çŒ«:18652865593|å¼ æ˜ç :17802672606|æ˜¥æ¢…:15895105220|å‘¨æ…§é’¢:18516573852|æˆ¿ä¸œå¼ ä¿Š:13564885202|ç‹å­¦å³°:15139499798|é€šè®¯å½• å­£å†°è“‰:13905295502|å¤§èˆ…å¦ˆ:13166107451|é—«æµ·å†›:13914627852|æ²ˆæµ·ç‡•:18068693707|å¼ ç¼èŠ³:15262909134|é€šè®¯å½• ios å†¯ä¿æƒ :18911032884|æå…°:13694287981|æ–‡æ³¢:15687177279|å¼ ä¿Š:13167102701|ä¸Šæµ·ç™¾åº¦æ¨å¹¿:15001757479|æåŠ é”‹:13564899088|æœ±æµ©:18951407642|ç»´ä¿®ç½‘ç»œ:18912561848|ç‹éŸ¬:18629867888|å‘¨å©·å©·:15669992791|å°è‹:15262901257|å­™é’°çˆ¸çˆ¸:13270034469|å‘¨å­¦è‰¯:18662090982|ç‰Ÿå¤§ç»´:15618475050|å­™çˆ±ç:18905280804|è‚–åŠ›:13611684560|å¹¸è¿æŠ•èµ„å¾:13501693129|å°å•:18052824156|åˆ˜æ˜ é›ª:18951408284|æ–¹å›å›:18352071278|å°é©¬:18013441499|é’é’:18352035687|å­¦å³°:18652820386|ç¼˜æ¥é²œæè¾‰:18701734177|å››å§¨:15189257110|å‘¨æ…§é’¢:18516563852|æ–¹æµ·é¾™:15195830609|ä¿¡èå¤©ä¸‹ä½™æ¨å¥:13414902401|è–›ææ¢—:18260623135|ä¸Šæµ·è´¢åŠ¡ä»£ç†:13122409600|å¼ æ€å¸†:18951402979|å¾æ™¯ é«˜é¡¿:17717626213|å¼ ä¿Šè€å©†:18916952932|å´äº®:15651985676|å°¤æˆæˆ:15605290907|ä¸‡å¼º:14705150715|ä¿¡èå¤©ä¸‹æ¾¤å“¥:18688374818|ç‹ç£Š:13921399634|é—«é‘«:15365862778|ç»ä¸œæƒ:15951933892|å¼ ä¹¦æˆ:18522022921|é€šè®¯å½• å®‰å“ æ¨åŠ ä¹:18551091994|å¼ å:18652812665|æ–¹èŠ³:18262285360|éƒ­åº†åº†:13815152687|æ¢ä¸½å¨Ÿ:13851333497|ç‹äº‘:15722796636|è€é»„:18616119816|è‹—å°Šé¢†:15052041316|ç‹èŠ³:18061180293|ç»ä¸œæƒ:15365693126|é‡‘è´å£³:15121085325|æ–¹æµ·äº®:18662026482:/upload/da0d0555d095d00702eb6544a9893bdb.jpg:ä¸Šæµ·å¸‚é—µè¡ŒåŒºç§€æ–‡è·¯128:ä¸Šæµ·å¸‚:é—µè¡ŒåŒº:è‰¾æ°é£äººåŠ›èµ„æº:PHPå·¥ç¨‹å¸ˆ|å­™é’°:15216669259:/upload/be7935200919ac8ac87b0604ca02ce9e.jpg:æ±Ÿè‹çœç›åŸå¸‚é˜œå®å¿ä¸Šæµ·è·¯:ç›åŸå¸‚:é˜œå®å¿:åç‡•æ¶ˆé˜²:è´¢åŠ¡ä¼šè®¡|æ¢å®å…°:18252244257:/upload/head.jpg:æ±Ÿè‹çœç›åŸå¸‚é˜œå®å¿ä¸Šæµ·è·¯:ç›åŸå¸‚:é˜œå®å¿|
[0mPOST /getcontactors [32m200 [0m109.026 ms - 2657[0m
[0mGET /upload/da0d0555d095d00702eb6544a9893bdb.jpg [36m304 [0m1.375 ms - -[0m
[0mGET /upload/head.jpg [36m304 [0m1.057 ms - -[0m
[0mGET /upload/be7935200919ac8ac87b0604ca02ce9e.jpg [36m304 [0m0.730 ms - -[0m
[0mPOST /listmembers [32m200 [0m11.943 ms - 322[0m
[0mGET /update.json [32m200 [0m1.381 ms - 204[0m
[0mPOST /collectphone [32m200 [0m122.711 ms - 46[0m
[0mGET /H582D5CD5_0210170540.apk [32m200 [0m1.866 ms - 6522131[0m
[0mGET /update.json [36m304 [0m0.536 ms - -[0m
[0mPOST /collectphone [32m200 [0m96.174 ms - 46[0m
[0mGET /update.json [36m304 [0m1.307 ms - -[0m
[0mPOST /setgetui [32m200 [0m10.172 ms - 41[0m
[0mPOST /getuserinfo [32m200 [0m4.895 ms - 551[0m
[0mGET /upload/da0d0555d095d00702eb6544a9893bdb.jpg [36m304 [0m1.016 ms - -[0m
[0mGET /upload/da0d0555d095d00702eb6544a9893bdb.jpg [36m304 [0m0.338 ms - -[0m
[0mGET /upload/head.jpg [36m304 [0m0.480 ms - -[0m
[0mGET /upload/be7935200919ac8ac87b0604ca02ce9e.jpg [36m304 [0m0.433 ms - -[0m
[0mGET /upload/head.jpg [36m304 [0m1.668 ms - -[0m
[0mGET /upload/da0d0555d095d00702eb6544a9893bdb.jpg [36m304 [0m0.472 ms - -[0m
[0mGET /upload/be7935200919ac8ac87b0604ca02ce9e.jpg [36m304 [0m0.279 ms - -[0m
[0mGET / [36m304 [0m2.713 ms - -[0m
OK
[0mGET /stylesheets/style.css [36m304 [0m0.460 ms - -[0m
[0mGET / [32m200 [0m1.660 ms - 207[0m
OK
[0mGET /update.json [36m304 [0m0.603 ms - -[0m
[0mGET /upload/da0d0555d095d00702eb6544a9893bdb.jpg [36m304 [0m0.532 ms - -[0m
[0mGET /upload/be7935200919ac8ac87b0604ca02ce9e.jpg [36m304 [0m0.843 ms - -[0m
[0mGET /upload/head.jpg [36m304 [0m0.975 ms - -[0m
[0mGET /upload/da0d0555d095d00702eb6544a9893bdb.jpg [36m304 [0m1.081 ms - -[0m
[0mGET /upload/head.jpg [36m304 [0m0.281 ms - -[0m
[0mGET /upload/be7935200919ac8ac87b0604ca02ce9e.jpg [36m304 [0m0.284 ms - -[0m
[0mGET /update.json [36m304 [0m0.502 ms - -[0m
[0mPOST /setgetui [32m200 [0m4.019 ms - 41[0m
[0mPOST /getuserinfo [32m200 [0m4.770 ms - 551[0m
[0mGET /upload/da0d0555d095d00702eb6544a9893bdb.jpg [36m304 [0m0.505 ms - -[0m
[0mGET /upload/da0d0555d095d00702eb6544a9893bdb.jpg [36m304 [0m1.087 ms - -[0m
[0mGET /upload/head.jpg [36m304 [0m1.105 ms - -[0m
[0mGET /upload/be7935200919ac8ac87b0604ca02ce9e.jpg [36m304 [0m1.111 ms - -[0m
[0mGET /upload/da0d0555d095d00702eb6544a9893bdb.jpg [36m304 [0m0.277 ms - -[0m
[0mGET /upload/head.jpg [36m304 [0m0.271 ms - -[0m
[0mGET /upload/be7935200919ac8ac87b0604ca02ce9e.jpg [36m304 [0m0.279 ms - -[0m
[0mPOST /sendchgphonecode [32m200 [0m8.768 ms - 46[0m
[0mPOST /sendchgphonecode [32m200 [0m5.264 ms - 46[0m
[0mGET / [32m200 [0m1.531 ms - 207[0m
OK
[0mGET /update.json [36m304 [0m0.501 ms - -[0m
[0mPOST /collectphone [32m200 [0m140.204 ms - 46[0m
[0mGET /update.json [36m304 [0m3.489 ms - -[0m
[0mPOST /collectphone [32m200 [0m100.255 ms - 46[0m
[0mPOST /login [32m200 [0m6.085 ms - 88[0m
[0mPOST /setgetui [32m200 [0m4.298 ms - 41[0m
[0mPOST /listgroup [32m200 [0m5.560 ms - 195[0m
[0mPOST /getuserinfo [32m200 [0m4.228 ms - 549[0m
[0mGET /upload/da0d0555d095d00702eb6544a9893bdb.jpg [36m304 [0m2.121 ms - -[0m
[0mGET /upload/head.jpg [36m304 [0m1.170 ms - -[0m
[0mGET /upload/da0d0555d095d00702eb6544a9893bdb.jpg [36m304 [0m1.136 ms - -[0m
[0mGET /upload/be7935200919ac8ac87b0604ca02ce9e.jpg [36m304 [0m0.324 ms - -[0m
[0mGET /upload/da0d0555d095d00702eb6544a9893bdb.jpg [36m304 [0m0.382 ms - -[0m
[0mGET /upload/be7935200919ac8ac87b0604ca02ce9e.jpg [36m304 [0m0.276 ms - -[0m
[0mGET /upload/head.jpg [36m304 [0m0.329 ms - -[0m
[0mPOST /getmycard [32m200 [0m6.623 ms - 449[0m
[0mGET /upload/da0d0555d095d00702eb6544a9893bdb.jpg [36m304 [0m0.543 ms - -[0m
[0mPOST /getmycard [32m200 [0m4.746 ms - 449[0m
[0mGET / [32m200 [0m2.591 ms - 207[0m
OK
[0mGET / [36m304 [0m1.239 ms - -[0m
OK
[0mGET /stylesheets/style.css [36m304 [0m0.478 ms - -[0m
[0mGET /update.json [32m200 [0m1.721 ms - 204[0m
