[0mGET / [32m200 [0m16.444 ms - 207[0m
OK
[0mGET /stylesheets/style.css [36m304 [0m3.448 ms - -[0m
[0mGET /favicon.ico [32m200 [0m15.929 ms - 67646[0m
[0mPOST /getmycard [32m200 [0m51.701 ms - 342[0m
[0mPOST /getmycard [32m200 [0m10.216 ms - 342[0m
[0mPOST /getcard [32m200 [0m6.604 ms - 451[0m
[0mPOST /listmembers [32m200 [0m17.861 ms - 307[0m
[0mGET /upload/be7935200919ac8ac87b0604ca02ce9e.jpg [32m200 [0m9.129 ms - 51040[0m
[0mGET /upload/c6504b6c2c3d0e1191c313a8cce640c4.jpg [32m200 [0m2.334 ms - 207[0m
OK
[0mGET /upload/head.jpg [36m304 [0m0.449 ms - -[0m
[0mGET /update.json [36m304 [0m0.941 ms - -[0m
[0mPOST /setgetui [32m200 [0m8.138 ms - 41[0m
[0mPOST /getuserinfo [32m200 [0m7.790 ms - 532[0m
[0mGET /upload/c6504b6c2c3d0e1191c313a8cce640c4.jpg [32m200 [0m1.273 ms - 207[0m
OK
[0mGET /upload/head.jpg [36m304 [0m0.504 ms - -[0m
二舅妈:18936324005|方莎莎:15901915034|王诗琪:15618595657|肖梅:13564622551|胡老师新:13801612237|王诗琪新:18930850590|卢静:18964069835|王蕊:13524749223|王毅高:13917180758|周观军:18761803630|王强亲戚:13761305939|刘郭涛房东:13761836861|刘风丽丽:18616739195|王军燕:15806217565|屠小姐:13917338985|朱预算员:18601792236|豆豆妈妈:18206108021|方海亮新:18217503693|刘海艳:13044672333|房东:15300639990|王将:18013682822|吴总:13002153037|华信银行王:15221549262|申通快递:17701842931|黎庄明:18221908583|郭海莹:13661986275|王晖:13918315487|舅妈:15105119170|张莹:13761179169|朱熹银行经理:13564234054|赵松异:13761985008|刑工:13651913812|房客:15921868117|郑华姐:13611729220|二舅:13401721156|宋琳琳:18521312699|马以则:13761186254|harrison:18321237338|卢先生:18912568811|王强三舅:18136112256|汪超我爱我家:15801965756|严岳天:13564564881|李金术:15900713183|tracy:15900560968|王立军王滩叫:15950313650|王曦:13636592965|陈正淡:18917783558|周伟伟同学:18321718620|顾元:13311797969|公司阿姨电话:13671687715|郭舒:13776555405|汇成税务所:13801776434|张利林:18862384382|江彦禹:13564401230|买床:15026969369|王房东老公:13601649002|何晓燕梓晨文:13916435435|朱熹:13795381080|王飞:15102127057|王德轩:18961921501|邱迎宠:18017582979|陈预算员:15821266841|王诗龄妈妈:18721510299|肖亚东经理:18616982258|顾小姐:13120965163|周老师:13918221576|阿姨:13761305933|郭海莹新:15370618555|李冬梅:13917597562|陈强:15221632620|小姨:13917926195|鸿诺谈:13901814013|范春艳:18717961343|付焕艳:13482183906|豆豆:18606108021|纪红:18014652985|景渊张小姐:13817454098|阿念:15821498032|吴总朋友:13162061067|冯华信:13761508846|朱熹老婆:13671553378|爸妈新:13270034469|王玉良:13805117670|李金术:13761898816|方看房:15901856535|卢春林:13918802451|娟娟婚纱摄影:18117378861|玉同:18351282770|玉同新:18202109623|周伟伟:15394633096|胡老师:13916064104|许佳思:15021831053|刘我爱我家:13661800160|方海亮:18662026482:/upload/c6504b6c2c3d0e1191c313a8cce640c4.jpg:上海市闵行区秀文路128:上海市:闵行区:艾杰飞人力资源:PHP担当|方海亮妈妈:18252244257:/upload/head.jpg:江苏省盐城市阜宁县上海路:盐城市:阜宁县|
[0mPOST /getcontactors [32m200 [0m130.682 ms - 2411[0m
[0mGET /upload/c6504b6c2c3d0e1191c313a8cce640c4.jpg [32m200 [0m1.732 ms - 207[0m
OK
[0mGET /update.json [36m304 [0m0.696 ms - -[0m
[0mPOST /setgetui [32m200 [0m4.384 ms - 41[0m
[0mPOST /getuserinfo [32m200 [0m4.039 ms - 538[0m
[0mGET /upload/c6504b6c2c3d0e1191c313a8cce640c4.jpg [32m200 [0m1.423 ms - 207[0m
OK
[0mGET /upload/head.jpg [36m304 [0m0.324 ms - -[0m
[0mGET /upload/be7935200919ac8ac87b0604ca02ce9e.jpg [36m304 [0m0.690 ms - -[0m
文波:18501791578|大舅妈:13166107451|小吕:18052824156|刘映雪:18951408284|方君君:18352071278|小马:18013441499|青青:18352035687|学峰:18652820386|缘来鲜李辉:18701734177|四姨:15189257110|周慧钢:18516563852|王云:15722796636|老黄:18616119816|苗尊领:15052041316|周慧钢:18516573852|房东张俊:13564885202|王学峰:15139499798|肖力:13611684560|万强:14705150715|信融天下澤哥:18688374818|王磊:13921399634|闫鑫:15365862778|绍东权:15951933892|张书成:18522022921|通讯录 安卓 杨加乐:18551091994|张华:18652812665|方芳:18262285360|郭庆庆:13815152687|梁丽娟:13851333497|曾凡军:13817733804|袁修斌:18305160191|陶兰:15950271975|孙钰爸爸:13270034469|周学良:18662090982|牟大维:15618475050|季冰蓉:13905295502|孙爱珍:18905280804|尤成成:15605290907|苏凯:18013445499|邱金冰:15050868990|方乙同:15951820868|张沈波:18121020447|冒小慧:18662259242|孙钰小姨:18918166604|方乙同:18501704596|顾升级:18662051239|张美:13815155893|陈良周师傅:15161920057|胡怀播:13337778966|方国发:18761287118|小猫:18652865593|张明珠:17802672606|张思帆:18951402979|徐景 高顿:17717626213|张俊老婆:18916952932|上海提取公积金:15802152692|吴亮:15651985676|袁修斌:18796019653|鑫金所 孙渡:18629577321|缘来鲜李浩然:13162105045|上海长城宽带:18621029075|项仁洋:13952949248|庄莎莎:18061821107|张海丽:15262903565|张俊:15502172960|方国财:15961927648|盐城 公司注册:15366554444|张创:18602896391|周婷婷:13524583402|王韬:18629867888|周婷婷:15669992791|小苏:15262901257|王芳:18061180293|绍东权:15365693126|金贝壳:15121085325|刘越:18502267395|吴林辉:18906032142|周小洁:18352070979|闫海军:13914627852|沈海燕:18068693707|张琼芳:15262909134|通讯录 ios 冯保惠:18911032884|李兰:13694287981|文波:15687177279|张俊:13167102701|上海百度推广:15001757479|李加锋:13564899088|朱浩:18951407642|方海龙:15195830609|信融天下余杨奎:13414902401|薛杏梗:18260623135|上海财务代理:13122409600|戴星星:15105110755|艾杰飞人力资源:15000587187|金贝壳 曾哥:13817528790|梁宝兰:18252244257:/upload/head.jpg:江苏省盐城市阜宁县上海路:盐城市:阜宁县|孙钰:15216669259:/upload/be7935200919ac8ac87b0604ca02ce9e.jpg:上海市闵行区秀文路:上海市:闵行区:华燕消防:财务会计|方海亮:18662026482:/upload/c6504b6c2c3d0e1191c313a8cce640c4.jpg:上海市闵行区秀文路128:上海市:闵行区:艾杰飞人力资源:PHP担当|
[0mPOST /getcontactors [32m200 [0m107.125 ms - 2597[0m
[0mGET /upload/c6504b6c2c3d0e1191c313a8cce640c4.jpg [32m200 [0m1.985 ms - 207[0m
OK
[0mPOST /listmembers [32m200 [0m9.302 ms - 310[0m
[0mGET /upload/head.jpg [36m304 [0m0.522 ms - -[0m
[0mGET /upload/be7935200919ac8ac87b0604ca02ce9e.jpg [36m304 [0m0.523 ms - -[0m
[0mGET /upload/c6504b6c2c3d0e1191c313a8cce640c4.jpg [32m200 [0m1.030 ms - 207[0m
OK
[0mPOST /getmycard [32m200 [0m6.628 ms - 451[0m
[0mPOST /getmycard [32m200 [0m4.791 ms - 451[0m
[0mGET / [32m200 [0m2.380 ms - 207[0m
OK
[0mGET /update.json [36m304 [0m1.000 ms - -[0m
[0mGET /upload/c6504b6c2c3d0e1191c313a8cce640c4.jpg [32m200 [0m1.534 ms - 207[0m
OK
[0mGET /upload/be7935200919ac8ac87b0604ca02ce9e.jpg [36m304 [0m0.644 ms - -[0m
[0mGET /upload/head.jpg [36m304 [0m1.553 ms - -[0m
[0mGET / [32m200 [0m1.797 ms - 207[0m
OK
[0mGET /update.json [36m304 [0m0.513 ms - -[0m
[0mPOST /getuserinfo [32m200 [0m7.366 ms - 541[0m
[0mGET /upload/c6504b6c2c3d0e1191c313a8cce640c4.jpg [32m200 [0m1.237 ms - 207[0m
OK
[0mGET /upload/be7935200919ac8ac87b0604ca02ce9e.jpg [36m304 [0m0.747 ms - -[0m
[0mGET /upload/head.jpg [36m304 [0m0.292 ms - -[0m
[0mPOST /getmycard [32m200 [0m4.805 ms - 451[0m
[0mGET /update.json [36m304 [0m0.523 ms - -[0m
[0mGET /upload/c6504b6c2c3d0e1191c313a8cce640c4.jpg [32m200 [0m2.192 ms - 207[0m
OK
[0mGET /upload/head.jpg [36m304 [0m0.429 ms - -[0m
[0mGET /upload/be7935200919ac8ac87b0604ca02ce9e.jpg [36m304 [0m0.263 ms - -[0m
吴林辉:18906032142|周小洁:18352070979|闫海军:13914627852|沈海燕:18068693707|张琼芳:15262909134|通讯录 ios 冯保惠:18911032884|李兰:13694287981|文波:15687177279|张俊:13167102701|上海百度推广:15001757479|李加锋:13564899088|朱浩:18951407642|方海龙:15195830609|信融天下余杨奎:13414902401|薛杏梗:18260623135|上海财务代理:13122409600|戴星星:15105110755|艾杰飞人力资源:15000587187|金贝壳 曾哥:13817528790|文波:18501791578|大舅妈:13166107451|小吕:18052824156|刘映雪:18951408284|方君君:18352071278|小马:18013441499|青青:18352035687|学峰:18652820386|缘来鲜李辉:18701734177|四姨:15189257110|周慧钢:18516563852|王云:15722796636|老黄:18616119816|苗尊领:15052041316|周慧钢:18516573852|房东张俊:13564885202|王学峰:15139499798|肖力:13611684560|万强:14705150715|信融天下澤哥:18688374818|王磊:13921399634|闫鑫:15365862778|绍东权:15951933892|张书成:18522022921|通讯录 安卓 杨加乐:18551091994|张华:18652812665|方芳:18262285360|郭庆庆:13815152687|梁丽娟:13851333497|曾凡军:13817733804|袁修斌:18305160191|陶兰:15950271975|孙钰爸爸:13270034469|周学良:18662090982|牟大维:15618475050|季冰蓉:13905295502|孙爱珍:18905280804|尤成成:15605290907|苏凯:18013445499|邱金冰:15050868990|方乙同:15951820868|张沈波:18121020447|冒小慧:18662259242|孙钰小姨:18918166604|方乙同:18501704596|顾升级:18662051239|张美:13815155893|陈良周师傅:15161920057|胡怀播:13337778966|方国发:18761287118|小猫:18652865593|张明珠:17802672606|张思帆:18951402979|徐景 高顿:17717626213|张俊老婆:18916952932|上海提取公积金:15802152692|吴亮:15651985676|袁修斌:18796019653|鑫金所 孙渡:18629577321|缘来鲜李浩然:13162105045|上海长城宽带:18621029075|项仁洋:13952949248|庄莎莎:18061821107|张海丽:15262903565|张俊:15502172960|方国财:15961927648|盐城 公司注册:15366554444|张创:18602896391|周婷婷:13524583402|王韬:18629867888|周婷婷:15669992791|小苏:15262901257|王芳:18061180293|绍东权:15365693126|金贝壳:15121085325|刘越:18502267395|孙钰:15216669259:/upload/be7935200919ac8ac87b0604ca02ce9e.jpg:上海市闵行区秀文路:上海市:闵行区:华燕消防:财务会计|梁宝兰:18252244257:/upload/head.jpg:江苏省盐城市阜宁县上海路:盐城市:阜宁县|方海亮:18662026482:/upload/c6504b6c2c3d0e1191c313a8cce640c4.jpg:上海市徐汇区宜山路719号:上海市:徐汇区:艾杰飞人力资源:PHP担当|
[0mPOST /getcontactors [32m200 [0m99.560 ms - 2600[0m
[0mGET /upload/c6504b6c2c3d0e1191c313a8cce640c4.jpg [32m200 [0m1.397 ms - 207[0m
OK
[0mGET /upload/head.jpg [36m304 [0m0.449 ms - -[0m
[0mGET /upload/be7935200919ac8ac87b0604ca02ce9e.jpg [36m304 [0m0.500 ms - -[0m
[0mGET /update.json [36m304 [0m1.039 ms - -[0m
[0mPOST /setgetui [32m200 [0m3.924 ms - 41[0m
[0mPOST /getuserinfo [32m200 [0m4.304 ms - 535[0m
[0mGET /upload/c6504b6c2c3d0e1191c313a8cce640c4.jpg [32m200 [0m1.410 ms - 207[0m
OK
[0mGET /upload/be7935200919ac8ac87b0604ca02ce9e.jpg [36m304 [0m0.548 ms - -[0m
[0mGET /upload/head.jpg [36m304 [0m0.453 ms - -[0m
[0mGET /update.json [32m200 [0m13.811 ms - 192[0m
[0mPOST /collectphone [32m200 [0m151.072 ms - 46[0m
[0mPOST /login [32m200 [0m10.848 ms - 88[0m
[0mPOST /setgetui [32m200 [0m3.643 ms - 41[0m
[0mPOST /listgroup [32m200 [0m5.750 ms - 195[0m
[0mPOST /getuserinfo [32m200 [0m5.830 ms - 538[0m
[0mGET /upload/c6504b6c2c3d0e1191c313a8cce640c4.jpg [32m200 [0m4.477 ms - 207[0m
OK
[0mGET /upload/head.jpg [32m200 [0m1.569 ms - 67646[0m
[0mPOST /getcard [32m200 [0m3.783 ms - 119[0m
[0mPOST /removecontactors [32m200 [0m135.815 ms - 55[0m
[0mGET /upload/c6504b6c2c3d0e1191c313a8cce640c4.jpg [32m200 [0m1.321 ms - 207[0m
OK
[0mPOST /removecontactors [32m200 [0m6.276 ms - 55[0m
[0mGET /upload/c6504b6c2c3d0e1191c313a8cce640c4.jpg [32m200 [0m1.267 ms - 207[0m
OK
[0mPOST /removecontactors [32m200 [0m5.367 ms - 55[0m
[0mGET /upload/c6504b6c2c3d0e1191c313a8cce640c4.jpg [32m200 [0m3.276 ms - 207[0m
OK
[0mPOST /removecontactors [32m200 [0m4.862 ms - 55[0m
[0mGET /upload/c6504b6c2c3d0e1191c313a8cce640c4.jpg [32m200 [0m1.574 ms - 207[0m
OK
[0mGET /update.json [36m304 [0m0.462 ms - -[0m
[0mPOST /setgetui [32m200 [0m3.337 ms - 41[0m
[0mGET /upload/c6504b6c2c3d0e1191c313a8cce640c4.jpg [32m200 [0m1.507 ms - 207[0m
OK
[0mGET /upload/head.jpg [36m304 [0m0.474 ms - -[0m
[0mGET /upload/be7935200919ac8ac87b0604ca02ce9e.jpg [36m304 [0m0.293 ms - -[0m
[0mPOST /removecontactors [32m200 [0m5.349 ms - 55[0m
[0mGET /upload/c6504b6c2c3d0e1191c313a8cce640c4.jpg [32m200 [0m1.688 ms - 207[0m
OK
[0mPOST /removecontactors [32m200 [0m8.476 ms - 55[0m
[0mPOST /removecontactors [32m200 [0m5.151 ms - 55[0m
[0mPOST /removecontactors [32m200 [0m4.534 ms - 55[0m
[0mPOST /removecontactors [32m200 [0m15.881 ms - 55[0m
文波:18501791578|大舅妈:13166107451|小吕:18052824156|刘映雪:18951408284|方君君:18352071278|张书成:18522022921|通讯录 安卓 杨加乐:18551091994|张华:18652812665|方芳:18262285360|郭庆庆:13815152687|梁丽娟:13851333497|曾凡军:13817733804|袁修斌:18305160191|陶兰:15950271975|孙钰爸爸:13270034469|徐景 高顿:17717626213|张俊老婆:18916952932|王学峰:15139499798|肖力:13611684560|万强:14705150715|信融天下澤哥:18688374818|王磊:13921399634|闫鑫:15365862778|绍东权:15951933892|孙钰小姨:18918166604|方乙同:18501704596|顾升级:18662051239|张美:13815155893|陈良周师傅:15161920057|胡怀播:13337778966|方国发:18761287118|小猫:18652865593|张明珠:17802672606|张思帆:18951402979|绍东权:15365693126|金贝壳:15121085325|孙爱珍:18905280804|尤成成:15605290907|苏凯:18013445499|邱金冰:15050868990|方乙同:15951820868|张沈波:18121020447|冒小慧:18662259242|张海丽:15262903565|张俊:15502172960|方国财:15961927648|盐城 公司注册:15366554444|张创:18602896391|周婷婷:13524583402|王韬:18629867888|周婷婷:15669992791|小苏:15262901257|王芳:18061180293|艾杰飞人力资源:15000587187|金贝壳 曾哥:13817528790|吴亮:15651985676|袁修斌:18796019653|鑫金所 孙渡:18629577321|缘来鲜李浩然:13162105045|上海长城宽带:18621029075|项仁洋:13952949248|庄莎莎:18061821107|文波:15687177279|张俊:13167102701|上海百度推广:15001757479|李加锋:13564899088|朱浩:18951407642|方海龙:15195830609|信融天下余杨奎:13414902401|薛杏梗:18260623135|上海财务代理:13122409600|周慧钢:18516573852|房东张俊:13564885202|上海提取公积金:15802152692|吴林辉:18906032142|周小洁:18352070979|闫海军:13914627852|沈海燕:18068693707|张琼芳:15262909134|通讯录 ios 冯保惠:18911032884|小马:18013441499|青青:18352035687|学峰:18652820386|缘来鲜李辉:18701734177|四姨:15189257110|周慧钢:18516563852|王云:15722796636|老黄:18616119816|苗尊领:15052041316|周学良:18662090982|牟大维:15618475050|刘越:18502267395|孙钰:15216669259:/upload/be7935200919ac8ac87b0604ca02ce9e.jpg:上海市徐汇区宜山路655弄:上海市:徐汇区:华燕消防:财务会计|梁宝兰:18252244257:/upload/head.jpg:江苏省盐城市阜宁县上海路:盐城市:阜宁县|
[0mPOST /getcontactors [32m200 [0m85.946 ms - 2390[0m
[0mPOST /removecontactors [32m200 [0m6.081 ms - 55[0m
吴林辉:18906032142|周小洁:18352070979|闫海军:13914627852|沈海燕:18068693707|张琼芳:15262909134|通讯录 ios 冯保惠:18911032884|小马:18013441499|青青:18352035687|学峰:18652820386|缘来鲜李辉:18701734177|郭庆庆:13815152687|梁丽娟:13851333497|曾凡军:13817733804|袁修斌:18305160191|陶兰:15950271975|孙钰爸爸:13270034469|徐景 高顿:17717626213|张俊老婆:18916952932|文波:18501791578|大舅妈:13166107451|小吕:18052824156|刘映雪:18951408284|方君君:18352071278|张书成:18522022921|通讯录 安卓 杨加乐:18551091994|张华:18652812665|方芳:18262285360|陈良周师傅:15161920057|胡怀播:13337778966|方国发:18761287118|小猫:18652865593|张明珠:17802672606|张思帆:18951402979|绍东权:15365693126|金贝壳:15121085325|王学峰:15139499798|肖力:13611684560|万强:14705150715|信融天下澤哥:18688374818|王磊:13921399634|闫鑫:15365862778|绍东权:15951933892|孙钰小姨:18918166604|方乙同:18501704596|顾升级:18662051239|张美:13815155893|张创:18602896391|周婷婷:13524583402|王韬:18629867888|周婷婷:15669992791|小苏:15262901257|王芳:18061180293|艾杰飞人力资源:15000587187|金贝壳 曾哥:13817528790|孙爱珍:18905280804|尤成成:15605290907|苏凯:18013445499|邱金冰:15050868990|方乙同:15951820868|张沈波:18121020447|冒小慧:18662259242|张海丽:15262903565|张俊:15502172960|方国财:15961927648|盐城 公司注册:15366554444|朱浩:18951407642|方海龙:15195830609|信融天下余杨奎:13414902401|薛杏梗:18260623135|上海财务代理:13122409600|周慧钢:18516573852|房东张俊:13564885202|上海提取公积金:15802152692|吴亮:15651985676|袁修斌:18796019653|鑫金所 孙渡:18629577321|缘来鲜李浩然:13162105045|上海长城宽带:18621029075|项仁洋:13952949248|庄莎莎:18061821107|文波:15687177279|张俊:13167102701|上海百度推广:15001757479|四姨:15189257110|周慧钢:18516563852|王云:15722796636|老黄:18616119816|苗尊领:15052041316|周学良:18662090982|牟大维:15618475050|刘越:18502267395|孙钰:15216669259:/upload/be7935200919ac8ac87b0604ca02ce9e.jpg:上海市徐汇区宜山路655弄:上海市:徐汇区:华燕消防:财务会计|梁宝兰:18252244257:/upload/head.jpg:江苏省盐城市阜宁县上海路:盐城市:阜宁县|
[0mPOST /getcontactors [32m200 [0m88.761 ms - 2368[0m
[0mPOST /removecontactors [32m200 [0m5.236 ms - 55[0m
文波:18501791578|大舅妈:13166107451|小吕:18052824156|刘映雪:18951408284|方君君:18352071278|张书成:18522022921|方乙同:18501704596|顾升级:18662051239|张美:13815155893|张创:18602896391|周婷婷:13524583402|王韬:18629867888|周婷婷:15669992791|小苏:15262901257|王芳:18061180293|艾杰飞人力资源:15000587187|金贝壳 曾哥:13817528790|王学峰:15139499798|肖力:13611684560|万强:14705150715|信融天下澤哥:18688374818|王磊:13921399634|闫鑫:15365862778|绍东权:15951933892|孙钰小姨:18918166604|张俊:15502172960|方国财:15961927648|盐城 公司注册:15366554444|朱浩:18951407642|方海龙:15195830609|信融天下余杨奎:13414902401|薛杏梗:18260623135|上海财务代理:13122409600|周慧钢:18516573852|房东张俊:13564885202|上海提取公积金:15802152692|孙爱珍:18905280804|尤成成:15605290907|苏凯:18013445499|邱金冰:15050868990|方乙同:15951820868|张沈波:18121020447|冒小慧:18662259242|张海丽:15262903565|张俊:13167102701|上海百度推广:15001757479|四姨:15189257110|周慧钢:18516563852|王云:15722796636|老黄:18616119816|苗尊领:15052041316|周学良:18662090982|牟大维:15618475050|刘越:18502267395|吴亮:15651985676|袁修斌:18796019653|鑫金所 孙渡:18629577321|缘来鲜李浩然:13162105045|上海长城宽带:18621029075|项仁洋:13952949248|庄莎莎:18061821107|文波:15687177279|学峰:18652820386|缘来鲜李辉:18701734177|郭庆庆:13815152687|梁丽娟:13851333497|曾凡军:13817733804|袁修斌:18305160191|陶兰:15950271975|孙钰爸爸:13270034469|徐景 高顿:17717626213|张俊老婆:18916952932|吴林辉:18906032142|周小洁:18352070979|闫海军:13914627852|沈海燕:18068693707|张琼芳:15262909134|通讯录 ios 冯保惠:18911032884|小马:18013441499|通讯录 安卓 杨加乐:18551091994|张华:18652812665|方芳:18262285360|陈良周师傅:15161920057|胡怀播:13337778966|方国发:18761287118|小猫:18652865593|张明珠:17802672606|张思帆:18951402979|绍东权:15365693126|金贝壳:15121085325|孙钰:15216669259:/upload/be7935200919ac8ac87b0604ca02ce9e.jpg:上海市徐汇区宜山路655弄:上海市:徐汇区:华燕消防:财务会计|梁宝兰:18252244257:/upload/head.jpg:江苏省盐城市阜宁县上海路:盐城市:阜宁县|
[0mPOST /getcontactors [32m200 [0m67.810 ms - 2349[0m
[0mPOST /removecontactors [32m200 [0m5.464 ms - 55[0m
[0mPOST /removecontactors [32m200 [0m4.723 ms - 55[0m
[0mPOST /removecontactors [32m200 [0m5.262 ms - 55[0m
[0mPOST /removecontactors [32m200 [0m4.454 ms - 55[0m
肖力:13611684560|万强:14705150715|信融天下澤哥:18688374818|方乙同:15951820868|张沈波:18121020447|庄莎莎:18061821107|文波:15687177279|张华:18652812665|方芳:18262285360|陈良周师傅:15161920057|胡怀播:13337778966|方国发:18761287118|小猫:18652865593|张明珠:17802672606|张思帆:18951402979|绍东权:15365693126|金贝壳:15121085325|王学峰:15139499798|尤成成:15605290907|苏凯:18013445499|邱金冰:15050868990|上海长城宽带:18621029075|项仁洋:13952949248|小马:18013441499|方乙同:18501704596|顾升级:18662051239|张美:13815155893|张创:18602896391|周婷婷:13524583402|王韬:18629867888|周婷婷:15669992791|小苏:15262901257|王芳:18061180293|艾杰飞人力资源:15000587187|金贝壳 曾哥:13817528790|吴亮:15651985676|袁修斌:18796019653|鑫金所 孙渡:18629577321|缘来鲜李浩然:13162105045|张琼芳:15262909134|方君君:18352071278|张书成:18522022921|张俊:15502172960|方国财:15961927648|盐城 公司注册:15366554444|朱浩:18951407642|方海龙:15195830609|信融天下余杨奎:13414902401|薛杏梗:18260623135|上海财务代理:13122409600|周慧钢:18516573852|房东张俊:13564885202|上海提取公积金:15802152692|吴林辉:18906032142|周小洁:18352070979|闫海军:13914627852|小吕:18052824156|刘映雪:18951408284|绍东权:15951933892|孙钰小姨:18918166604|张俊:13167102701|上海百度推广:15001757479|四姨:15189257110|周慧钢:18516563852|王云:15722796636|老黄:18616119816|苗尊领:15052041316|周学良:18662090982|牟大维:15618475050|刘越:18502267395|文波:18501791578|大舅妈:13166107451|王磊:13921399634|闫鑫:15365862778|冒小慧:18662259242|张海丽:15262903565|学峰:18652820386|缘来鲜李辉:18701734177|郭庆庆:13815152687|梁丽娟:13851333497|曾凡军:13817733804|袁修斌:18305160191|陶兰:15950271975|孙钰爸爸:13270034469|徐景 高顿:17717626213|张俊老婆:18916952932|梁宝兰:18252244257:/upload/head.jpg:江苏省盐城市阜宁县上海路:盐城市:阜宁县|孙钰:15216669259:/upload/be7935200919ac8ac87b0604ca02ce9e.jpg:上海市徐汇区宜山路655弄:上海市:徐汇区:华燕消防:财务会计|
[0mPOST /getcontactors [32m200 [0m74.471 ms - 2230[0m
[0mPOST /removecontactors [32m200 [0m4.355 ms - 55[0m
[0mPOST /removecontactors [32m200 [0m6.522 ms - 55[0m
[0mPOST /removecontactors [32m200 [0m4.345 ms - 55[0m
[0mPOST /removecontactors [32m200 [0m7.401 ms - 55[0m
[0mPOST /removecontactors [32m200 [0m3.853 ms - 55[0m
[0mPOST /removecontactors [32m200 [0m4.079 ms - 55[0m
[0mPOST /removecontactors [32m200 [0m4.979 ms - 55[0m
[0mPOST /removecontactors [32m200 [0m5.489 ms - 55[0m
[0mPOST /removecontactors [32m200 [0m4.383 ms - 55[0m
[0mPOST /removecontactors [32m200 [0m5.564 ms - 55[0m
[0mPOST /removecontactors [32m200 [0m3.984 ms - 55[0m
肖力:13611684560|苏凯:18013445499|王磊:13921399634|项仁洋:13952949248|小马:18013441499|张俊:15502172960|方国财:15961927648|盐城 公司注册:15366554444|朱浩:18951407642|王云:15722796636|张明珠:17802672606|张思帆:18951402979|艾杰飞人力资源:15000587187|金贝壳 曾哥:13817528790|王学峰:15139499798|尤成成:15605290907|闫海军:13914627852|方乙同:15951820868|方君君:18352071278|张书成:18522022921|张俊:13167102701|上海百度推广:15001757479|四姨:15189257110|周慧钢:18516563852|曾凡军:13817733804|袁修斌:18305160191|小苏:15262901257|王芳:18061180293|房东张俊:13564885202|上海提取公积金:15802152692|吴亮:15651985676|袁修斌:18796019653|上海长城宽带:18621029075|绍东权:15951933892|孙钰小姨:18918166604|学峰:18652820386|缘来鲜李辉:18701734177|郭庆庆:13815152687|梁丽娟:13851333497|方国发:18761287118|小猫:18652865593|上海财务代理:13122409600|周慧钢:18516573852|牟大维:15618475050|刘越:18502267395|吴林辉:18906032142|大舅妈:13166107451|信融天下澤哥:18688374818|刘映雪:18951408284|冒小慧:18662259242|文波:15687177279|张华:18652812665|方芳:18262285360|陈良周师傅:15161920057|胡怀播:13337778966|王韬:18629867888|老黄:18616119816|苗尊领:15052041316|周学良:18662090982|张俊老婆:18916952932|文波:18501791578|万强:14705150715|邱金冰:15050868990|闫鑫:15365862778|庄莎莎:18061821107|方乙同:18501704596|顾升级:18662051239|张美:13815155893|张创:18602896391|方海龙:15195830609|信融天下余杨奎:13414902401|陶兰:15950271975|孙钰爸爸:13270034469|绍东权:15365693126|金贝壳:15121085325|梁宝兰:18252244257:/upload/head.jpg:江苏省盐城市阜宁县上海路:盐城市:阜宁县|孙钰:15216669259:/upload/be7935200919ac8ac87b0604ca02ce9e.jpg:上海市徐汇区宜山路655弄:上海市:徐汇区:华燕消防:财务会计|
[0mPOST /getcontactors [32m200 [0m61.982 ms - 1971[0m
肖力:13611684560|苏凯:18013445499|王磊:13921399634|项仁洋:13952949248|小马:18013441499|张俊:15502172960|方国财:15961927648|盐城 公司注册:15366554444|朱浩:18951407642|王云:15722796636|张明珠:17802672606|张思帆:18951402979|艾杰飞人力资源:15000587187|金贝壳 曾哥:13817528790|王学峰:15139499798|尤成成:15605290907|闫海军:13914627852|方乙同:15951820868|方君君:18352071278|张书成:18522022921|张俊:13167102701|上海百度推广:15001757479|四姨:15189257110|周慧钢:18516563852|曾凡军:13817733804|袁修斌:18305160191|小苏:15262901257|王芳:18061180293|房东张俊:13564885202|上海提取公积金:15802152692|吴亮:15651985676|袁修斌:18796019653|上海长城宽带:18621029075|绍东权:15951933892|孙钰小姨:18918166604|学峰:18652820386|缘来鲜李辉:18701734177|郭庆庆:13815152687|梁丽娟:13851333497|方国发:18761287118|小猫:18652865593|上海财务代理:13122409600|周慧钢:18516573852|牟大维:15618475050|刘越:18502267395|吴林辉:18906032142|大舅妈:13166107451|信融天下澤哥:18688374818|刘映雪:18951408284|冒小慧:18662259242|文波:15687177279|张华:18652812665|方芳:18262285360|陈良周师傅:15161920057|胡怀播:13337778966|王韬:18629867888|老黄:18616119816|苗尊领:15052041316|周学良:18662090982|张俊老婆:18916952932|文波:18501791578|万强:14705150715|邱金冰:15050868990|闫鑫:15365862778|庄莎莎:18061821107|方乙同:18501704596|顾升级:18662051239|张美:13815155893|张创:18602896391|方海龙:15195830609|信融天下余杨奎:13414902401|陶兰:15950271975|孙钰爸爸:13270034469|绍东权:15365693126|金贝壳:15121085325|梁宝兰:18252244257:/upload/head.jpg:江苏省盐城市阜宁县上海路:盐城市:阜宁县|孙钰:15216669259:/upload/be7935200919ac8ac87b0604ca02ce9e.jpg:上海市徐汇区宜山路655弄:上海市:徐汇区:华燕消防:财务会计|
[0mPOST /getcontactors [32m200 [0m54.556 ms - 1971[0m
[0mGET /update.json [36m304 [0m1.035 ms - -[0m
[0mPOST /collectphone [32m200 [0m129.685 ms - 46[0m
[0mPOST /setgetui [32m200 [0m4.443 ms - 41[0m
[0mPOST /getuserinfo [32m200 [0m4.253 ms - 470[0m
[0mGET /upload/be7935200919ac8ac87b0604ca02ce9e.jpg [36m304 [0m3.172 ms - -[0m
[0mGET /upload/head.jpg [36m304 [0m0.297 ms - -[0m
文波:18501791578|万强:14705150715|邱金冰:15050868990|闫鑫:15365862778|庄莎莎:18061821107|方乙同:18501704596|顾升级:18662051239|张美:13815155893|张创:18602896391|方海龙:15195830609|信融天下余杨奎:13414902401|陶兰:15950271975|孙钰爸爸:13270034469|绍东权:15365693126|金贝壳:15121085325|肖力:13611684560|苏凯:18013445499|王磊:13921399634|项仁洋:13952949248|小马:18013441499|张俊:15502172960|方国财:15961927648|盐城 公司注册:15366554444|朱浩:18951407642|王云:15722796636|张明珠:17802672606|张思帆:18951402979|艾杰飞人力资源:15000587187|金贝壳 曾哥:13817528790|王学峰:15139499798|尤成成:15605290907|闫海军:13914627852|方乙同:15951820868|方君君:18352071278|张书成:18522022921|张俊:13167102701|上海百度推广:15001757479|四姨:15189257110|周慧钢:18516563852|曾凡军:13817733804|袁修斌:18305160191|小苏:15262901257|王芳:18061180293|房东张俊:13564885202|上海提取公积金:15802152692|吴亮:15651985676|袁修斌:18796019653|上海长城宽带:18621029075|绍东权:15951933892|孙钰小姨:18918166604|学峰:18652820386|缘来鲜李辉:18701734177|郭庆庆:13815152687|梁丽娟:13851333497|方国发:18761287118|小猫:18652865593|上海财务代理:13122409600|周慧钢:18516573852|牟大维:15618475050|吴林辉:18906032142|大舅妈:13166107451|信融天下澤哥:18688374818|刘映雪:18951408284|冒小慧:18662259242|文波:15687177279|张华:18652812665|方芳:18262285360|陈良周师傅:15161920057|胡怀播:13337778966|王韬:18629867888|老黄:18616119816|苗尊领:15052041316|周学良:18662090982|张俊老婆:18916952932|刘越:18502267395|梁宝兰:18252244257:/upload/head.jpg:江苏省盐城市阜宁县上海路:盐城市:阜宁县|孙钰:15216669259:/upload/be7935200919ac8ac87b0604ca02ce9e.jpg:上海市徐汇区宜山路655弄:上海市:徐汇区:华燕消防:财务会计|
[0mPOST /getcontactors [32m200 [0m54.804 ms - 1971[0m
肖力:13611684560|苏凯:18013445499|王磊:13921399634|项仁洋:13952949248|小马:18013441499|张俊:15502172960|方国财:15961927648|盐城 公司注册:15366554444|朱浩:18951407642|王云:15722796636|张明珠:17802672606|张思帆:18951402979|艾杰飞人力资源:15000587187|金贝壳 曾哥:13817528790|王学峰:15139499798|尤成成:15605290907|闫海军:13914627852|方乙同:15951820868|方君君:18352071278|张书成:18522022921|张俊:13167102701|上海百度推广:15001757479|四姨:15189257110|周慧钢:18516563852|曾凡军:13817733804|袁修斌:18305160191|小苏:15262901257|王芳:18061180293|房东张俊:13564885202|上海提取公积金:15802152692|吴亮:15651985676|袁修斌:18796019653|上海长城宽带:18621029075|绍东权:15951933892|孙钰小姨:18918166604|学峰:18652820386|缘来鲜李辉:18701734177|郭庆庆:13815152687|梁丽娟:13851333497|方国发:18761287118|小猫:18652865593|上海财务代理:13122409600|周慧钢:18516573852|牟大维:15618475050|刘越:18502267395|吴林辉:18906032142|大舅妈:13166107451|信融天下澤哥:18688374818|刘映雪:18951408284|冒小慧:18662259242|文波:15687177279|张华:18652812665|方芳:18262285360|陈良周师傅:15161920057|胡怀播:13337778966|王韬:18629867888|老黄:18616119816|苗尊领:15052041316|周学良:18662090982|张俊老婆:18916952932|文波:18501791578|万强:14705150715|邱金冰:15050868990|闫鑫:15365862778|庄莎莎:18061821107|方乙同:18501704596|顾升级:18662051239|张美:13815155893|张创:18602896391|方海龙:15195830609|信融天下余杨奎:13414902401|陶兰:15950271975|孙钰爸爸:13270034469|绍东权:15365693126|金贝壳:15121085325|梁宝兰:18252244257:/upload/head.jpg:江苏省盐城市阜宁县上海路:盐城市:阜宁县|孙钰:15216669259:/upload/be7935200919ac8ac87b0604ca02ce9e.jpg:上海市徐汇区宜山路655弄:上海市:徐汇区:华燕消防:财务会计|
[0mPOST /getcontactors [32m200 [0m58.059 ms - 1971[0m
[0mGET / [32m200 [0m2.544 ms - 207[0m
OK
[0mGET / [32m200 [0m1.371 ms - 207[0m
OK
[0mGET /stylesheets/style.css [36m304 [0m1.844 ms - -[0m
[0mGET /sharecarding,.apk [32m200 [0m3.657 ms - 207[0m
OK
[0mGET /stylesheets/style.css [36m304 [0m0.456 ms - -[0m
[0mGET /sharecarding,.apk [32m200 [0m2.642 ms - 207[0m
OK
[0mGET /stylesheets/style.css [36m304 [0m0.442 ms - -[0m
[0mGET /sharecarding.apk [32m200 [0m2.053 ms - 6688292[0m
[0mGET /sharecarding,.apk [32m200 [0m1.312 ms - 207[0m
OK
[0mGET /stylesheets/style.css [36m304 [0m0.339 ms - -[0m
[0mGET /sharecarding.apk [32m200 [0m0.819 ms - 6688292[0m
[0mGET /sharecarding.apk [32m206 [0m1.850 ms - 6688292[0m
[0mGET /sharecarding.apk [32m206 [0m3.200 ms - 2229430[0m
[0mGET /sharecarding.apk [32m206 [0m0.720 ms - 2213042[0m
[0mGET /sharecarding.apk [32m206 [0m0.819 ms - 504844[0m
[0mGET / [32m200 [0m5.033 ms - 207[0m
OK
[0mGET /stylesheets/style.css [36m304 [0m1.450 ms - -[0m
[0mGET / [32m200 [0m3.158 ms - 9645[0m
OK
[0mGET /img/logo.png [32m200 [0m0.845 ms - 1963[0m
[0mGET /favicon.ico [32m200 [0m0.890 ms - 67646[0m
[0mGET /downloads.html [32m200 [0m2.464 ms - 9645[0m
OK
[0mGET /img/logo.png [36m304 [0m0.466 ms - -[0m
[0mGET /downloads.html [32m200 [0m1.661 ms - 9645[0m
OK
[0mGET /img/logo.png [36m304 [0m0.528 ms - -[0m
[0mGET /downloads.html [32m200 [0m1.445 ms - 9645[0m
OK
[0mGET /img/logo.png [36m304 [0m0.308 ms - -[0m
[0mGET /downloads.html [32m200 [0m1.706 ms - 9645[0m
OK
[0mGET /img/logo.png [36m304 [0m1.769 ms - -[0m
[0mGET /downloads.html [32m200 [0m1.561 ms - 9645[0m
OK
[0mGET /img/logo.png [36m304 [0m0.333 ms - -[0m
[0mGET /downloads.html [32m200 [0m2.387 ms - 9645[0m
OK
[0mGET /img/logo.png [36m304 [0m0.313 ms - -[0m
[0mGET /downloads.html [32m200 [0m1.328 ms - 9645[0m
OK
[0mGET /img/logo.png [36m304 [0m0.310 ms - -[0m
[0mGET /downloads.html [32m200 [0m1.822 ms - 9645[0m
OK
[0mGET /img/logo.png [36m304 [0m0.447 ms - -[0m
[0mGET /downloads.html [32m200 [0m1.716 ms - 9645[0m
OK
[0mGET /img/logo.png [36m304 [0m0.326 ms - -[0m
[0mGET /downloads.html [32m200 [0m1.395 ms - 9645[0m
OK
[0mGET /img/logo.png [36m304 [0m0.316 ms - -[0m
[0mGET /downloads.html [32m200 [0m2.607 ms - 9645[0m
OK
[0mGET /img/logo.png [36m304 [0m0.461 ms - -[0m
[0mGET /favicon.ico [32m200 [0m0.546 ms - 67646[0m
[0mGET /downloads.html [32m200 [0m1.742 ms - 9645[0m
OK
[0mGET /img/logo.png [36m304 [0m0.510 ms - -[0m
[0mGET /favicon.ico [32m200 [0m0.591 ms - 67646[0m
[0mGET /downloads.html [32m200 [0m1.678 ms - 9645[0m
OK
[0mGET /img/logo.png [36m304 [0m0.471 ms - -[0m
[0mGET /favicon.ico [32m200 [0m0.525 ms - 67646[0m
[0mGET /downloads.html [32m200 [0m1.753 ms - 9645[0m
OK
[0mGET /img/logo.png [36m304 [0m0.353 ms - -[0m
[0mGET /downloads.html [32m200 [0m2.723 ms - 9645[0m
OK
[0mGET /img/logo.png [36m304 [0m0.353 ms - -[0m
[0mGET /index.html [32m200 [0m1.855 ms - 9645[0m
OK
[0mGET /img/logo.png [36m304 [0m0.403 ms - -[0m
[0mGET /index.html [32m200 [0m1.665 ms - 9645[0m
OK
[0mGET /img/logo.png [36m304 [0m0.489 ms - -[0m
[0mGET /favicon.ico [32m200 [0m0.605 ms - 67646[0m
[0mGET /index.html [32m200 [0m1.660 ms - 9645[0m
OK
[0mGET /img/logo.png [36m304 [0m0.407 ms - -[0m
[0mGET /favicon.ico [32m200 [0m0.551 ms - 67646[0m
[0mGET /index.html [32m200 [0m2.980 ms - 9645[0m
OK
[0mGET /img/logo.png [36m304 [0m0.513 ms - -[0m
[0mGET /favicon.ico [32m200 [0m1.015 ms - 67646[0m
[0mGET /downloads.html [32m200 [0m1.694 ms - 9645[0m
OK
[0mGET /img/logo.png [36m304 [0m0.500 ms - -[0m
[0mGET /downloads.html [32m200 [0m1.894 ms - 9645[0m
OK
[0mGET /img/logo.png [36m304 [0m0.602 ms - -[0m
