[0mGET / [36m304 [0m15.934 ms - -[0m
OK
[0mGET /stylesheets/style.css [36m304 [0m2.987 ms - -[0m
[0mGET /favicon.ico [32m200 [0m3.345 ms - 67646[0m
[0mPOST /sendrcode [32m200 [0m32.449 ms - 46[0m
[0mGET /update.json [32m200 [0m1.609 ms - 192[0m
[0mPOST /collectphone [32m200 [0m161.694 ms - 46[0m
[0mPOST /login [32m200 [0m8.619 ms - 88[0m
[0mPOST /setgetui [32m200 [0m6.902 ms - 41[0m
[0mPOST /listgroup [32m200 [0m8.493 ms - 195[0m
[0mPOST /getuserinfo [32m200 [0m6.634 ms - 473[0m
å´æ—è¾‰:18906032142|å‘¨å°æ´:18352070979|é—«æµ·å†›:13914627852|æ²ˆæµ·ç‡•:18068693707|å¼ ç¼èŠ³:15262909134|é€šè®¯å½• ios å†¯ä¿æƒ :18911032884|æå…°:13694287981|æ–‡æ³¢:15687177279|å¼ ä¿Š:13167102701|ä¸Šæµ·ç™¾åº¦æ¨å¹¿:15001757479|æåŠ é”‹:13564899088|æœ±æµ©:18951407642|æ–¹æµ·é¾™:15195830609|ä¿¡èå¤©ä¸‹ä½™æ¨å¥:13414902401|è–›ææ¢—:18260623135|ä¸Šæµ·è´¢åŠ¡ä»£ç†:13122409600|æˆ´æ˜Ÿæ˜Ÿ:15105110755|è‰¾æ°é£äººåŠ›èµ„æº:15000587187|é‡‘è´å£³ æ›¾å“¥:13817528790|æ–‡æ³¢:18501791578|å¤§èˆ…å¦ˆ:13166107451|å°å•:18052824156|åˆ˜æ˜ é›ª:18951408284|æ–¹å›å›:18352071278|å°é©¬:18013441499|é’é’:18352035687|å­¦å³°:18652820386|ç¼˜æ¥é²œæè¾‰:18701734177|å››å§¨:15189257110|å‘¨æ…§é’¢:18516563852|ç‹äº‘:15722796636|è€é»„:18616119816|è‹—å°Šé¢†:15052041316|å‘¨æ…§é’¢:18516573852|æˆ¿ä¸œå¼ ä¿Š:13564885202|ç‹å­¦å³°:15139499798|è‚–åŠ›:13611684560|ä¸‡å¼º:14705150715|ä¿¡èå¤©ä¸‹æ¾¤å“¥:18688374818|ç‹ç£Š:13921399634|é—«é‘«:15365862778|ç»ä¸œæƒ:15951933892|å¼ ä¹¦æˆ:18522022921|é€šè®¯å½• å®‰å“ æ¨åŠ ä¹:18551091994|å¼ å:18652812665|æ–¹èŠ³:18262285360|éƒ­åº†åº†:13815152687|æ¢ä¸½å¨Ÿ:13851333497|æ›¾å‡¡å†›:13817733804|è¢ä¿®æ–Œ:18305160191|é™¶å…°:15950271975|å­™é’°çˆ¸çˆ¸:13270034469|å‘¨å­¦è‰¯:18662090982|ç‰Ÿå¤§ç»´:15618475050|å­£å†°è“‰:13905295502|å­™çˆ±ç:18905280804|å°¤æˆæˆ:15605290907|è‹å‡¯:18013445499|é‚±é‡‘å†°:15050868990|æ–¹ä¹™åŒ:15951820868|å¼ æ²ˆæ³¢:18121020447|å†’å°æ…§:18662259242|å­™é’°å°å§¨:18918166604|æ–¹ä¹™åŒ:18501704596|é¡¾å‡çº§:18662051239|å¼ ç¾:13815155893|é™ˆè‰¯å‘¨å¸ˆå‚…:15161920057|èƒ¡æ€€æ’­:13337778966|æ–¹å›½å‘:18761287118|å°çŒ«:18652865593|å¼ æ˜ç :17802672606|å¼ æ€å¸†:18951402979|å¾æ™¯ é«˜é¡¿:17717626213|å¼ ä¿Šè€å©†:18916952932|å´äº®:15651985676|è¢ä¿®æ–Œ:18796019653|é‘«é‡‘æ‰€ å­™æ¸¡:18629577321|ç¼˜æ¥é²œææµ©ç„¶:13162105045|ä¸Šæµ·é•¿åŸå®½å¸¦:18621029075|é¡¹ä»æ´‹:13952949248|åº„èè:18061821107|å¼ æµ·ä¸½:15262903565|å¼ ä¿Š:15502172960|æ–¹å›½è´¢:15961927648|ç›åŸ å…¬å¸æ³¨å†Œ:15366554444|å¼ åˆ›:18602896391|å‘¨å©·å©·:13524583402|ç‹éŸ¬:18629867888|å‘¨å©·å©·:15669992791|å°è‹:15262901257|ç‹èŠ³:18061180293|ç»ä¸œæƒ:15365693126|é‡‘è´å£³:15121085325|å­™é’°:15216669259:/upload/be7935200919ac8ac87b0604ca02ce9e.jpg:æ±Ÿè‹çœç›åŸå¸‚é˜œå®å¿ä¸Šæµ·è·¯:ç›åŸå¸‚:é˜œå®å¿:åç‡•æ¶ˆé˜²:è´¢åŠ¡ä¼šè®¡|æ¢å®å…°:18252244257:/upload/head.jpg:æ±Ÿè‹çœç›åŸå¸‚é˜œå®å¿ä¸Šæµ·è·¯:ç›åŸå¸‚:é˜œå®å¿|æ–¹æµ·äº®:18662026482:/upload/c6504b6c2c3d0e1191c313a8cce640c4.jpg::::è‰¾æ°é£äººåŠ›èµ„æº:PHPæ‹…å½“|
[0mPOST /getcontactors [32m200 [0m124.696 ms - 2505[0m
[0mGET /upload/c6504b6c2c3d0e1191c313a8cce640c4.jpg [32m200 [0m5.466 ms - 207[0m
OK
[0mGET /upload/head.jpg [32m200 [0m0.792 ms - 67646[0m
[0mGET /upload/be7935200919ac8ac87b0604ca02ce9e.jpg [32m200 [0m0.547 ms - 51040[0m
[0mPOST /getmycard [32m200 [0m6.072 ms - 451[0m
[0mPOST /getmycard [32m200 [0m5.038 ms - 451[0m
å´æ—è¾‰:18906032142|å‘¨å°æ´:18352070979|é—«æµ·å†›:13914627852|æ²ˆæµ·ç‡•:18068693707|å¼ ç¼èŠ³:15262909134|é€šè®¯å½• ios å†¯ä¿æƒ :18911032884|æå…°:13694287981|æ–‡æ³¢:15687177279|å¼ ä¿Š:13167102701|ä¸Šæµ·ç™¾åº¦æ¨å¹¿:15001757479|æåŠ é”‹:13564899088|æœ±æµ©:18951407642|æ–¹æµ·é¾™:15195830609|ä¿¡èå¤©ä¸‹ä½™æ¨å¥:13414902401|è–›ææ¢—:18260623135|ä¸Šæµ·è´¢åŠ¡ä»£ç†:13122409600|æˆ´æ˜Ÿæ˜Ÿ:15105110755|è‰¾æ°é£äººåŠ›èµ„æº:15000587187|é‡‘è´å£³ æ›¾å“¥:13817528790|æ–‡æ³¢:18501791578|å¤§èˆ…å¦ˆ:13166107451|å°å•:18052824156|åˆ˜æ˜ é›ª:18951408284|æ–¹å›å›:18352071278|å°é©¬:18013441499|é’é’:18352035687|å­¦å³°:18652820386|ç¼˜æ¥é²œæè¾‰:18701734177|å››å§¨:15189257110|å‘¨æ…§é’¢:18516563852|ç‹äº‘:15722796636|è€é»„:18616119816|è‹—å°Šé¢†:15052041316|å‘¨æ…§é’¢:18516573852|æˆ¿ä¸œå¼ ä¿Š:13564885202|å­™çˆ±ç:18905280804|å°¤æˆæˆ:15605290907|è‹å‡¯:18013445499|é‚±é‡‘å†°:15050868990|æ–¹ä¹™åŒ:15951820868|å¼ æ²ˆæ³¢:18121020447|å†’å°æ…§:18662259242|å­™é’°å°å§¨:18918166604|æ–¹ä¹™åŒ:18501704596|é¡¾å‡çº§:18662051239|å¼ ç¾:13815155893|é™ˆè‰¯å‘¨å¸ˆå‚…:15161920057|èƒ¡æ€€æ’­:13337778966|æ–¹å›½å‘:18761287118|å°çŒ«:18652865593|å¼ æ˜ç :17802672606|å¼ æ€å¸†:18951402979|å¾æ™¯ é«˜é¡¿:17717626213|å¼ ä¿Šè€å©†:18916952932|ç‹å­¦å³°:15139499798|è‚–åŠ›:13611684560|ä¸‡å¼º:14705150715|ä¿¡èå¤©ä¸‹æ¾¤å“¥:18688374818|ç‹ç£Š:13921399634|é—«é‘«:15365862778|ç»ä¸œæƒ:15951933892|å¼ ä¹¦æˆ:18522022921|é€šè®¯å½• å®‰å“ æ¨åŠ ä¹:18551091994|å¼ å:18652812665|æ–¹èŠ³:18262285360|éƒ­åº†åº†:13815152687|æ¢ä¸½å¨Ÿ:13851333497|æ›¾å‡¡å†›:13817733804|è¢ä¿®æ–Œ:18305160191|é™¶å…°:15950271975|å­™é’°çˆ¸çˆ¸:13270034469|å‘¨å­¦è‰¯:18662090982|ç‰Ÿå¤§ç»´:15618475050|å­£å†°è“‰:13905295502|å´äº®:15651985676|è¢ä¿®æ–Œ:18796019653|é‘«é‡‘æ‰€ å­™æ¸¡:18629577321|ç¼˜æ¥é²œææµ©ç„¶:13162105045|ä¸Šæµ·é•¿åŸå®½å¸¦:18621029075|é¡¹ä»æ´‹:13952949248|åº„èè:18061821107|å¼ æµ·ä¸½:15262903565|å¼ ä¿Š:15502172960|æ–¹å›½è´¢:15961927648|ç›åŸ å…¬å¸æ³¨å†Œ:15366554444|å¼ åˆ›:18602896391|å‘¨å©·å©·:13524583402|ç‹éŸ¬:18629867888|å‘¨å©·å©·:15669992791|å°è‹:15262901257|ç‹èŠ³:18061180293|ç»ä¸œæƒ:15365693126|é‡‘è´å£³:15121085325|æ–¹æµ·äº®:18662026482:/upload/c6504b6c2c3d0e1191c313a8cce640c4.jpg:ä¸Šæµ·å¸‚é—µè¡ŒåŒºæ°¸ç§€è·¯:ä¸Šæµ·å¸‚:é—µè¡ŒåŒº:è‰¾æ°é£äººåŠ›èµ„æº:PHPæ‹…å½“|å­™é’°:15216669259:/upload/be7935200919ac8ac87b0604ca02ce9e.jpg:æ±Ÿè‹çœç›åŸå¸‚é˜œå®å¿ä¸Šæµ·è·¯:ç›åŸå¸‚:é˜œå®å¿:åç‡•æ¶ˆé˜²:è´¢åŠ¡ä¼šè®¡|æ¢å®å…°:18252244257:/upload/head.jpg:æ±Ÿè‹çœç›åŸå¸‚é˜œå®å¿ä¸Šæµ·è·¯:ç›åŸå¸‚:é˜œå®å¿|
[0mPOST /getcontactors [32m200 [0m103.607 ms - 2550[0m
[0mGET /upload/be7935200919ac8ac87b0604ca02ce9e.jpg [36m304 [0m1.611 ms - -[0m
[0mGET /upload/head.jpg [36m304 [0m1.989 ms - -[0m
[0mGET /upload/c6504b6c2c3d0e1191c313a8cce640c4.jpg [32m200 [0m1.532 ms - 207[0m
OK
[0mPOST /getcard [32m200 [0m4.554 ms - 451[0m
[0mGET /update.json [32m200 [0m0.844 ms - 192[0m
[0mPOST /collectphone [32m200 [0m122.469 ms - 46[0m
[0mPOST /setgetui [32m200 [0m13.123 ms - 41[0m
[0mPOST /getuserinfo [32m200 [0m4.733 ms - 537[0m
[0mGET /upload/c6504b6c2c3d0e1191c313a8cce640c4.jpg [32m200 [0m4.386 ms - 207[0m
OK
[0mGET /upload/c6504b6c2c3d0e1191c313a8cce640c4.jpg [32m200 [0m1.171 ms - 207[0m
OK
[0mGET /upload/head.jpg [36m304 [0m0.453 ms - -[0m
[0mGET /upload/be7935200919ac8ac87b0604ca02ce9e.jpg [36m304 [0m0.283 ms - -[0m
[0mPOST /listmembers [32m200 [0m12.714 ms - 313[0m
[0mGET /upload/head.jpg [36m304 [0m0.420 ms - -[0m
[0mGET /upload/be7935200919ac8ac87b0604ca02ce9e.jpg [36m304 [0m1.789 ms - -[0m
[0mGET /upload/c6504b6c2c3d0e1191c313a8cce640c4.jpg [32m200 [0m2.667 ms - 207[0m
OK
[0mGET /update.json [36m304 [0m0.528 ms - -[0m
[0mPOST /setgetui [32m200 [0m4.027 ms - 41[0m
[0mPOST /getuserinfo [32m200 [0m3.586 ms - 537[0m
[0mGET /upload/c6504b6c2c3d0e1191c313a8cce640c4.jpg [32m200 [0m2.587 ms - 207[0m
OK
[0mGET /upload/c6504b6c2c3d0e1191c313a8cce640c4.jpg [32m200 [0m2.129 ms - 207[0m
OK
[0mGET /upload/head.jpg [36m304 [0m0.334 ms - -[0m
[0mGET /upload/be7935200919ac8ac87b0604ca02ce9e.jpg [36m304 [0m0.525 ms - -[0m
æ–‡æ³¢:18501791578|å¤§èˆ…å¦ˆ:13166107451|å°å•:18052824156|åˆ˜æ˜ é›ª:18951408284|æ–¹å›å›:18352071278|å°é©¬:18013441499|é’é’:18352035687|å­¦å³°:18652820386|ç¼˜æ¥é²œæè¾‰:18701734177|å››å§¨:15189257110|å‘¨æ…§é’¢:18516563852|ç‹äº‘:15722796636|è€é»„:18616119816|è‹—å°Šé¢†:15052041316|å‘¨æ…§é’¢:18516573852|æˆ¿ä¸œå¼ ä¿Š:13564885202|ç‹å­¦å³°:15139499798|è‚–åŠ›:13611684560|ä¸‡å¼º:14705150715|ä¿¡èå¤©ä¸‹æ¾¤å“¥:18688374818|ç‹ç£Š:13921399634|é—«é‘«:15365862778|ç»ä¸œæƒ:15951933892|å¼ ä¹¦æˆ:18522022921|é€šè®¯å½• å®‰å“ æ¨åŠ ä¹:18551091994|å¼ å:18652812665|æ–¹èŠ³:18262285360|éƒ­åº†åº†:13815152687|æ¢ä¸½å¨Ÿ:13851333497|æ›¾å‡¡å†›:13817733804|è¢ä¿®æ–Œ:18305160191|é™¶å…°:15950271975|å­™é’°çˆ¸çˆ¸:13270034469|å‘¨å­¦è‰¯:18662090982|ç‰Ÿå¤§ç»´:15618475050|å­£å†°è“‰:13905295502|å­™çˆ±ç:18905280804|å°¤æˆæˆ:15605290907|è‹å‡¯:18013445499|é‚±é‡‘å†°:15050868990|æ–¹ä¹™åŒ:15951820868|å¼ æ²ˆæ³¢:18121020447|å†’å°æ…§:18662259242|å­™é’°å°å§¨:18918166604|æ–¹ä¹™åŒ:18501704596|é¡¾å‡çº§:18662051239|å¼ ç¾:13815155893|é™ˆè‰¯å‘¨å¸ˆå‚…:15161920057|èƒ¡æ€€æ’­:13337778966|æ–¹å›½å‘:18761287118|å°çŒ«:18652865593|å¼ æ˜ç :17802672606|å¼ æ€å¸†:18951402979|å¾æ™¯ é«˜é¡¿:17717626213|å¼ ä¿Šè€å©†:18916952932|å´äº®:15651985676|è¢ä¿®æ–Œ:18796019653|é‘«é‡‘æ‰€ å­™æ¸¡:18629577321|ç¼˜æ¥é²œææµ©ç„¶:13162105045|ä¸Šæµ·é•¿åŸå®½å¸¦:18621029075|é¡¹ä»æ´‹:13952949248|åº„èè:18061821107|å¼ æµ·ä¸½:15262903565|å¼ ä¿Š:15502172960|æ–¹å›½è´¢:15961927648|ç›åŸ å…¬å¸æ³¨å†Œ:15366554444|å¼ åˆ›:18602896391|å‘¨å©·å©·:13524583402|ç‹éŸ¬:18629867888|å‘¨å©·å©·:15669992791|å°è‹:15262901257|ç‹èŠ³:18061180293|ç»ä¸œæƒ:15365693126|é‡‘è´å£³:15121085325|å´æ—è¾‰:18906032142|å‘¨å°æ´:18352070979|é—«æµ·å†›:13914627852|æ²ˆæµ·ç‡•:18068693707|å¼ ç¼èŠ³:15262909134|é€šè®¯å½• ios å†¯ä¿æƒ :18911032884|æå…°:13694287981|æ–‡æ³¢:15687177279|å¼ ä¿Š:13167102701|ä¸Šæµ·ç™¾åº¦æ¨å¹¿:15001757479|æåŠ é”‹:13564899088|æœ±æµ©:18951407642|æ–¹æµ·é¾™:15195830609|ä¿¡èå¤©ä¸‹ä½™æ¨å¥:13414902401|è–›ææ¢—:18260623135|ä¸Šæµ·è´¢åŠ¡ä»£ç†:13122409600|æˆ´æ˜Ÿæ˜Ÿ:15105110755|è‰¾æ°é£äººåŠ›èµ„æº:15000587187|é‡‘è´å£³ æ›¾å“¥:13817528790|å­™é’°:15216669259:/upload/be7935200919ac8ac87b0604ca02ce9e.jpg:æ±Ÿè‹çœç›åŸå¸‚é˜œå®å¿ä¸Šæµ·è·¯:ç›åŸå¸‚:é˜œå®å¿:åç‡•æ¶ˆé˜²:è´¢åŠ¡ä¼šè®¡|æ¢å®å…°:18252244257:/upload/head.jpg:æ±Ÿè‹çœç›åŸå¸‚é˜œå®å¿ä¸Šæµ·è·¯:ç›åŸå¸‚:é˜œå®å¿|æ–¹æµ·äº®:18662026482:/upload/c6504b6c2c3d0e1191c313a8cce640c4.jpg:ä¸Šæµ·å¸‚é—µè¡ŒåŒºæ°¸ç§€è·¯:ä¸Šæµ·å¸‚:é—µè¡ŒåŒº:è‰¾æ°é£äººåŠ›èµ„æº:PHPæ‹…å½“|
[0mPOST /getcontactors [32m200 [0m83.113 ms - 2550[0m
[0mGET /upload/c6504b6c2c3d0e1191c313a8cce640c4.jpg [32m200 [0m1.427 ms - 207[0m
OK
[0mPOST /getmycard [32m200 [0m5.301 ms - 451[0m
[0mPOST /getmycard [32m200 [0m4.440 ms - 451[0m
[0mPOST /getmycard [32m200 [0m5.501 ms - 451[0m
[0mGET /update.json [36m304 [0m0.573 ms - -[0m
[0mGET /update.json [32m200 [0m0.962 ms - 192[0m
[0mGET /sharecarding.apk [32m200 [0m1.044 ms - 6688656[0m
[0mGET /sharecarding.apk [32m200 [0m0.711 ms - 6688656[0m
[0mPOST /collectphone [32m200 [0m125.252 ms - 46[0m
[0mGET /sharecarding.apk [32m200 [0m3.366 ms - 6688656[0m
[0mGET /update.json [36m304 [0m0.480 ms - -[0m
[0mPOST /collectphone [32m200 [0m113.918 ms - 46[0m
[0mPOST /login [32m200 [0m4.505 ms - 88[0m
{ [ValidationError: tokens validation failed]
  stack: 'Error\n    at MongooseError.ValidationError (/root/node_modules/mongoose/lib/error/validation.js:22:16)\n    at model.Document.invalidate (/root/node_modules/mongoose/lib/document.js:1266:32)\n    at /root/node_modules/mongoose/lib/document.js:1141:16\n    at validate (/root/node_modules/mongoose/lib/schematype.js:662:7)\n    at /root/node_modules/mongoose/lib/schematype.js:693:9\n    at Array.forEach (native)\n    at SchemaDate.SchemaType.doValidate (/root/node_modules/mongoose/lib/schematype.js:667:19)\n    at /root/node_modules/mongoose/lib/document.js:1139:9\n    at _combinedTickCallback (node.js:376:9)\n    at process._tickCallback (node.js:407:11)',
  message: 'tokens validation failed',
  name: 'ValidationError',
  errors: 
   { avatime: 
      { [ValidatorError: Path `avatime` is required.]
        properties: [Object],
        stack: 'Error\n    at MongooseError.ValidatorError (/root/node_modules/mongoose/lib/error/validator.js:25:16)\n    at validate (/root/node_modules/mongoose/lib/schematype.js:661:13)\n    at /root/node_modules/mongoose/lib/schematype.js:693:9\n    at Array.forEach (native)\n    at SchemaDate.SchemaType.doValidate (/root/node_modules/mongoose/lib/schematype.js:667:19)\n    at /root/node_modules/mongoose/lib/document.js:1139:9\n    at _combinedTickCallback (node.js:376:9)\n    at process._tickCallback (node.js:407:11)',
        message: 'Path `avatime` is required.',
        name: 'ValidatorError',
        kind: 'required',
        path: 'avatime',
        value: undefined } } }
[0mPOST /setgetui [32m200 [0m2.154 ms - 46[0m
[0mPOST /listgroup [32m200 [0m2.109 ms - 46[0m
[0mPOST /getuserinfo [32m200 [0m2.050 ms - 46[0m
[0mPOST /getcontactors [32m200 [0m1.223 ms - 46[0m
[0mPOST /getcontactors [32m200 [0m2.040 ms - 46[0m
[0mGET /update.json [36m304 [0m2.736 ms - -[0m
[0mPOST /collectphone [32m200 [0m124.421 ms - 46[0m
[0mPOST /login [32m200 [0m4.648 ms - 88[0m
{ [ValidationError: tokens validation failed]
  stack: 'Error\n    at MongooseError.ValidationError (/root/node_modules/mongoose/lib/error/validation.js:22:16)\n    at model.Document.invalidate (/root/node_modules/mongoose/lib/document.js:1266:32)\n    at /root/node_modules/mongoose/lib/document.js:1141:16\n    at validate (/root/node_modules/mongoose/lib/schematype.js:662:7)\n    at /root/node_modules/mongoose/lib/schematype.js:693:9\n    at Array.forEach (native)\n    at SchemaDate.SchemaType.doValidate (/root/node_modules/mongoose/lib/schematype.js:667:19)\n    at /root/node_modules/mongoose/lib/document.js:1139:9\n    at _combinedTickCallback (node.js:376:9)\n    at process._tickCallback (node.js:407:11)',
  message: 'tokens validation failed',
  name: 'ValidationError',
  errors: 
   { avatime: 
      { [ValidatorError: Path `avatime` is required.]
        properties: [Object],
        stack: 'Error\n    at MongooseError.ValidatorError (/root/node_modules/mongoose/lib/error/validator.js:25:16)\n    at validate (/root/node_modules/mongoose/lib/schematype.js:661:13)\n    at /root/node_modules/mongoose/lib/schematype.js:693:9\n    at Array.forEach (native)\n    at SchemaDate.SchemaType.doValidate (/root/node_modules/mongoose/lib/schematype.js:667:19)\n    at /root/node_modules/mongoose/lib/document.js:1139:9\n    at _combinedTickCallback (node.js:376:9)\n    at process._tickCallback (node.js:407:11)',
        message: 'Path `avatime` is required.',
        name: 'ValidatorError',
        kind: 'required',
        path: 'avatime',
        value: undefined } } }
[0mPOST /setgetui [32m200 [0m2.285 ms - 46[0m
[0mPOST /listgroup [32m200 [0m2.091 ms - 46[0m
[0mPOST /getuserinfo [32m200 [0m2.637 ms - 46[0m
[0mPOST /getcontactors [32m200 [0m1.417 ms - 46[0m
[0mPOST /getmycard [32m200 [0m2.065 ms - 46[0m
[0mGET /update.json [36m304 [0m0.733 ms - -[0m
[0mPOST /getuserinfo [32m200 [0m4.762 ms - 538[0m
[0mGET /upload/c6504b6c2c3d0e1191c313a8cce640c4.jpg [32m200 [0m1.822 ms - 207[0m
OK
[0mGET /upload/c6504b6c2c3d0e1191c313a8cce640c4.jpg [32m200 [0m4.809 ms - 207[0m
OK
[0mGET /upload/head.jpg [36m304 [0m0.348 ms - -[0m
[0mGET /upload/be7935200919ac8ac87b0604ca02ce9e.jpg [36m304 [0m0.425 ms - -[0m
[0mPOST /getmycard [32m200 [0m5.442 ms - 451[0m
[0mGET / [32m200 [0m1.263 ms - 207[0m
OK
[0mGET /update.json [32m200 [0m8.063 ms - 192[0m
[0mGET /upload/c6504b6c2c3d0e1191c313a8cce640c4.jpg [32m200 [0m2.959 ms - 207[0m
[0mGET /upload/head.jpg [36m304 [0m3.112 ms - -[0m
[0mPOST /setgetui [32m200 [0m11.379 ms - 41[0m
[0mPOST /getuserinfo [32m200 [0m10.234 ms - 538[0m
[0mGET /upload/be7935200919ac8ac87b0604ca02ce9e.jpg [36m304 [0m2.239 ms - -[0m
OK
[0mGET /sharecarding.apk [32m200 [0m1.292 ms - 6688292[0m
[0mGET /update.json [36m304 [0m0.620 ms - -[0m
[0mGET /sharecarding.apk [32m200 [0m4.565 ms - 6688292[0m
[0mGET /sharecarding.apk [32m200 [0m0.864 ms - 6688292[0m
[0mGET /sharecarding.apk [32m200 [0m0.747 ms - 6688292[0m
[0mGET /update.json [36m304 [0m1.476 ms - -[0m
[0mPOST /getuserinfo [32m200 [0m16.384 ms - 538[0m
[0mGET /upload/c6504b6c2c3d0e1191c313a8cce640c4.jpg [32m200 [0m2.713 ms - 207[0m
OK
[0mGET /upload/be7935200919ac8ac87b0604ca02ce9e.jpg [36m304 [0m0.826 ms - -[0m
[0mGET /upload/head.jpg [36m304 [0m0.419 ms - -[0m
[0mGET /update.json [36m304 [0m0.642 ms - -[0m
[0mPOST /getmycard [32m200 [0m5.996 ms - 451[0m
crypto.js:70
  this._handle.update(data, encoding);
               ^

TypeError: HashUpdate fail
    at TypeError (native)
    at Hash.update (crypto.js:70:16)
    at Command.callback (/root/models/msgModel.js:112:9)
    at RedisClient.return_reply (/root/node_modules/redis/index.js:642:25)
    at /root/node_modules/redis/index.js:307:18
    at _combinedTickCallback (node.js:376:9)
    at process._tickCallback (node.js:407:11)
error: Forever detected script exited with code: 1
error: Script restart attempt #1
[0mPOST /sendchgphonecode [32m200 [0m35.939 ms - 46[0m
[0mGET /update.json [36m304 [0m4.662 ms - -[0m
[0mPOST /collectphone [32m200 [0m145.940 ms - 46[0m
crypto.js:70
  this._handle.update(data, encoding);
               ^

TypeError: HashUpdate fail
    at TypeError (native)
    at Hash.update (crypto.js:70:16)
    at Command.callback (/root/models/msgModel.js:43:9)
    at RedisClient.return_reply (/root/node_modules/redis/index.js:642:25)
    at /root/node_modules/redis/index.js:307:18
    at _combinedTickCallback (node.js:376:9)
    at process._tickCallback (node.js:407:11)
error: Forever detected script exited with code: 1
error: Script restart attempt #2
[0mPOST /sendrcode [32m200 [0m36.316 ms - 46[0m
[0mGET /update.json [32m200 [0m6.100 ms - 192[0m
[0mGET /update.json [36m304 [0m2.547 ms - -[0m
[0mGET /update.json [36m304 [0m0.769 ms - -[0m
[0mGET /update.json [32m200 [0m1.510 ms - 192[0m
[0mPOST /collectphone [32m200 [0m21.826 ms - 46[0m
[0mGET /update.json [32m200 [0m0.962 ms - 192[0m
[0mGET /update.json [36m304 [0m0.472 ms - -[0m
[0mPOST /collectphone [32m200 [0m142.029 ms - 46[0m
crypto.js:70
  this._handle.update(data, encoding);
               ^

TypeError: HashUpdate fail
    at TypeError (native)
    at Hash.update (crypto.js:70:16)
    at Command.callback (/root/models/msgModel.js:43:9)
    at RedisClient.return_reply (/root/node_modules/redis/index.js:642:25)
    at /root/node_modules/redis/index.js:307:18
    at _combinedTickCallback (node.js:376:9)
    at process._tickCallback (node.js:407:11)
error: Forever detected script exited with code: 1
error: Script restart attempt #3
[0mPOST /sendrcode [32m200 [0m38.235 ms - 46[0m
[0mPOST /sendrcode [32m200 [0m3.663 ms - 46[0m
[0mGET /update.json [36m304 [0m4.424 ms - -[0m
[0mPOST /collectphone [32m200 [0m21.086 ms - 46[0m
[0mGET / [32m200 [0m12.328 ms - 207[0m
OK
[0mGET /stylesheets/style.css [32m200 [0m3.942 ms - 111[0m
[0mGET /favicon.ico [32m200 [0m1.495 ms - 67646[0m
[0mGET /update.json [36m304 [0m1.666 ms - -[0m
[0mPOST /collectphone [32m200 [0m131.953 ms - 46[0m
[0mGET /update.json [36m304 [0m1.278 ms - -[0m
[0mPOST /collectphone [32m200 [0m119.811 ms - 46[0m
crypto.js:70
  this._handle.update(data, encoding);
               ^

TypeError: HashUpdate fail
    at TypeError (native)
    at Hash.update (crypto.js:70:16)
    at Command.callback (/root/models/msgModel.js:43:9)
    at RedisClient.return_reply (/root/node_modules/redis/index.js:642:25)
    at /root/node_modules/redis/index.js:307:18
    at _combinedTickCallback (node.js:376:9)
    at process._tickCallback (node.js:407:11)
error: Forever detected script exited with code: 1
error: Script restart attempt #4
[0mPOST /sendrcode [32m200 [0m36.650 ms - 46[0m
