[0mGET / [32m200 [0m23.949 ms - 207[0m
OK
[0mGET /stylesheets/style.css [32m200 [0m19.768 ms - 111[0m
[0mGET /favicon.ico [32m200 [0m12.798 ms - 67646[0m
[0mGET / [32m200 [0m2.997 ms - 207[0m
OK
[0mGET /stylesheets/style.css [36m304 [0m1.541 ms - -[0m
[0mGET /favicon.ico [32m200 [0m0.980 ms - 67646[0m
[0mGET / [32m200 [0m1.354 ms - 207[0m
OK
[0mGET /stylesheets/style.css [36m304 [0m0.513 ms - -[0m
[0mGET /favicon.ico [32m200 [0m0.590 ms - 67646[0m
[0mGET / [32m200 [0m3.168 ms - 207[0m
OK
[0mGET /stylesheets/style.css [36m304 [0m0.273 ms - -[0m
[0mGET /favicon.ico [32m200 [0m2.285 ms - 67646[0m
[0mGET / [32m200 [0m1.247 ms - 207[0m
OK
[0mGET /stylesheets/style.css [36m304 [0m0.299 ms - -[0m
[0mGET /favicon.ico [32m200 [0m0.507 ms - 67646[0m
[0mGET / [32m200 [0m2.136 ms - 207[0m
OK
[0mGET /stylesheets/style.css [36m304 [0m0.367 ms - -[0m
[0mGET /favicon.ico [32m200 [0m0.472 ms - 67646[0m
[0mGET / [32m200 [0m1.357 ms - 207[0m
OK
[0mGET /stylesheets/style.css [36m304 [0m0.291 ms - -[0m
[0mGET /favicon.ico [32m200 [0m0.544 ms - 67646[0m
[0mGET / [32m200 [0m1.360 ms - 207[0m
OK
[0mGET /stylesheets/style.css [36m304 [0m0.412 ms - -[0m
[0mGET /favicon.ico [32m200 [0m1.207 ms - 67646[0m
[0mGET / [32m200 [0m1.849 ms - 207[0m
OK
[0mGET /stylesheets/style.css [36m304 [0m0.438 ms - -[0m
[0mGET /favicon.ico [32m200 [0m0.663 ms - 67646[0m
[0mGET / [32m200 [0m4.655 ms - 207[0m
OK
[0mGET /stylesheets/style.css [36m304 [0m0.404 ms - -[0m
[0mGET /favicon.ico [32m200 [0m0.501 ms - 67646[0m
[0mGET / [32m200 [0m1.477 ms - 207[0m
OK
[0mGET /stylesheets/style.css [36m304 [0m0.283 ms - -[0m
[0mGET /favicon.ico [32m200 [0m0.715 ms - 67646[0m
[0mGET / [32m200 [0m1.257 ms - 207[0m
OK
[0mGET /stylesheets/style.css [36m304 [0m0.412 ms - -[0m
[0mGET /favicon.ico [32m200 [0m0.520 ms - 67646[0m
[0mGET / [32m200 [0m1.759 ms - 207[0m
OK
[0mGET /stylesheets/style.css [36m304 [0m0.284 ms - -[0m
[0mGET /favicon.ico [32m200 [0m0.524 ms - 67646[0m
[0mGET / [32m200 [0m1.574 ms - 207[0m
OK
[0mGET /stylesheets/style.css [36m304 [0m0.292 ms - -[0m
[0mGET /favicon.ico [32m200 [0m1.163 ms - 67646[0m
[0mGET / [32m200 [0m1.275 ms - 207[0m
OK
[0mGET /stylesheets/style.css [36m304 [0m0.293 ms - -[0m
[0mGET /favicon.ico [32m200 [0m0.469 ms - 67646[0m
[0mGET / [32m200 [0m2.532 ms - 207[0m
OK
[0mGET /stylesheets/style.css [36m304 [0m0.439 ms - -[0m
[0mGET /favicon.ico [32m200 [0m0.809 ms - 67646[0m
[0mGET / [32m200 [0m1.725 ms - 207[0m
OK
[0mGET /stylesheets/style.css [36m304 [0m0.301 ms - -[0m
[0mGET /favicon.ico [32m200 [0m1.099 ms - 67646[0m
[0mGET / [32m200 [0m1.257 ms - 207[0m
OK
[0mGET /stylesheets/style.css [36m304 [0m0.685 ms - -[0m
[0mGET /favicon.ico [32m200 [0m1.360 ms - 67646[0m
[0mGET / [32m200 [0m1.245 ms - 207[0m
OK
[0mGET /stylesheets/style.css [36m304 [0m1.542 ms - -[0m
[0mGET /favicon.ico [32m200 [0m0.499 ms - 67646[0m
[0mGET / [32m200 [0m1.143 ms - 207[0m
OK
[0mGET /stylesheets/style.css [36m304 [0m0.282 ms - -[0m
[0mGET / [32m200 [0m0.891 ms - 207[0m
OK
[0mGET /stylesheets/style.css [36m304 [0m0.255 ms - -[0m
[0mGET /favicon.ico [32m200 [0m0.443 ms - 67646[0m
[0mGET / [32m200 [0m0.730 ms - 207[0m
OK
[0mGET /stylesheets/style.css [36m304 [0m0.351 ms - -[0m
[0mGET /favicon.ico [32m200 [0m0.481 ms - 67646[0m
[0mGET / [32m200 [0m2.863 ms - 207[0m
OK
[0mGET /stylesheets/style.css [36m304 [0m0.255 ms - -[0m
[0mGET /favicon.ico [32m200 [0m0.427 ms - 67646[0m
[0mGET / [32m200 [0m0.826 ms - 207[0m
OK
[0mGET /stylesheets/style.css [36m304 [0m0.245 ms - -[0m
[0mGET /favicon.ico [32m200 [0m0.426 ms - 67646[0m
[0mGET / [32m200 [0m0.831 ms - 207[0m
OK
[0mGET /stylesheets/style.css [36m304 [0m0.342 ms - -[0m
[0mGET /favicon.ico [32m200 [0m0.384 ms - 67646[0m
[0mGET / [32m200 [0m0.927 ms - 207[0m
OK
[0mGET /stylesheets/style.css [36m304 [0m0.244 ms - -[0m
[0mGET /favicon.ico [32m200 [0m0.488 ms - 67646[0m
[0mGET / [32m200 [0m2.845 ms - 207[0m
OK
[0mGET /stylesheets/style.css [36m304 [0m0.281 ms - -[0m
[0mGET /favicon.ico [32m200 [0m0.658 ms - 67646[0m
[0mGET / [32m200 [0m0.936 ms - 207[0m
OK
[0mGET /stylesheets/style.css [36m304 [0m1.053 ms - -[0m
[0mGET /favicon.ico [32m200 [0m0.442 ms - 67646[0m
[0mGET / [32m200 [0m0.916 ms - 207[0m
OK
[0mGET /stylesheets/style.css [36m304 [0m0.255 ms - -[0m
[0mGET /favicon.ico [32m200 [0m0.409 ms - 67646[0m
[0mGET / [32m200 [0m1.198 ms - 207[0m
OK
[0mGET /stylesheets/style.css [36m304 [0m0.363 ms - -[0m
[0mGET / [32m200 [0m5.045 ms - 207[0m
OK
[0mGET /stylesheets/style.css [36m304 [0m0.658 ms - -[0m
[0mGET /favicon.ico [32m200 [0m0.420 ms - 67646[0m
[0mGET / [32m200 [0m1.405 ms - 207[0m
OK
[0mGET /stylesheets/style.css [36m304 [0m0.254 ms - -[0m
[0mGET /favicon.ico [32m200 [0m0.538 ms - 67646[0m
[0mGET / [32m200 [0m0.850 ms - 207[0m
OK
[0mGET /stylesheets/style.css [36m304 [0m0.256 ms - -[0m
[0mGET /favicon.ico [32m200 [0m0.424 ms - 67646[0m
[0mGET / [32m200 [0m1.190 ms - 207[0m
OK
[0mGET /stylesheets/style.css [36m304 [0m0.283 ms - -[0m
[0mGET /favicon.ico [32m200 [0m1.731 ms - 67646[0m
[0mGET / [32m200 [0m1.016 ms - 207[0m
OK
[0mGET /stylesheets/style.css [36m304 [0m0.256 ms - -[0m
[0mGET /favicon.ico [32m200 [0m0.466 ms - 67646[0m
[0mGET / [32m200 [0m0.821 ms - 207[0m
OK
[0mGET /stylesheets/style.css [36m304 [0m0.250 ms - -[0m
[0mGET /favicon.ico [32m200 [0m0.579 ms - 67646[0m
[0mGET / [32m200 [0m1.295 ms - 207[0m
OK
[0mGET /stylesheets/style.css [36m304 [0m0.470 ms - -[0m
[0mGET / [32m200 [0m1.152 ms - 207[0m
OK
[0mGET /stylesheets/style.css [36m304 [0m0.404 ms - -[0m
[0mGET / [32m200 [0m1.067 ms - 207[0m
OK
[0mGET /stylesheets/style.css [32m200 [0m0.483 ms - 111[0m
[0mGET /favicon.ico [32m200 [0m0.841 ms - 67646[0m
[0mGET / [36m304 [0m2.447 ms - -[0m
OK
[0mGET /stylesheets/style.css [36m304 [0m0.364 ms - -[0m
[0mGET / [36m304 [0m1.282 ms - -[0m
OK
[0mGET /stylesheets/style.css [36m304 [0m0.365 ms - -[0m
[0mGET /update.json [36m304 [0m0.510 ms - -[0m
[0mPOST /collectphone [32m200 [0m220.494 ms - 46[0m
[0mPOST /setgetui [32m200 [0m10.582 ms - 41[0m
[0mPOST /getuserinfo [32m200 [0m9.185 ms - 549[0m
[0mGET /upload/da0d0555d095d00702eb6544a9893bdb.jpg [36m304 [0m3.522 ms - -[0m
[0mGET /upload/da0d0555d095d00702eb6544a9893bdb.jpg [36m304 [0m0.363 ms - -[0m
[0mGET /upload/head.jpg [36m304 [0m0.299 ms - -[0m
[0mGET /upload/be7935200919ac8ac87b0604ca02ce9e.jpg [36m304 [0m0.294 ms - -[0m
[0mGET /upload/da0d0555d095d00702eb6544a9893bdb.jpg [36m304 [0m0.274 ms - -[0m
[0mGET /upload/head.jpg [36m304 [0m0.243 ms - -[0m
[0mGET /upload/be7935200919ac8ac87b0604ca02ce9e.jpg [36m304 [0m0.468 ms - -[0m
/root/routes/users/common.js:106
        if (err) throw err;
                 ^

Error: ENOENT: no such file or directory, rename 'tmp/505c3f4333e9527bbcb31376cdaf66d4.jpg' -> './public/upload/505c3f4333e9527bbcb31376cdaf66d4.jpg'
    at Error (native)
error: Forever detected script exited with code: 1
error: Script restart attempt #1
/root/routes/users/common.js:106
        if (err) throw err;
                 ^

Error: ENOENT: no such file or directory, rename 'tmp/22d94b276dab62d62dec4e51be4265a4.jpg' -> './public/upload/22d94b276dab62d62dec4e51be4265a4.jpg'
    at Error (native)
error: Forever detected script exited with code: 1
error: Script restart attempt #2
[0mGET /update.json [36m304 [0m7.815 ms - -[0m
[0mPOST /setgetui [32m200 [0m49.747 ms - 41[0m
[0mPOST /getuserinfo [32m200 [0m11.607 ms - 549[0m
[0mGET /upload/da0d0555d095d00702eb6544a9893bdb.jpg [36m304 [0m1.102 ms - -[0m
[0mGET /upload/da0d0555d095d00702eb6544a9893bdb.jpg [36m304 [0m0.716 ms - -[0m
[0mGET /upload/head.jpg [36m304 [0m0.889 ms - -[0m
[0mGET /upload/be7935200919ac8ac87b0604ca02ce9e.jpg [36m304 [0m1.165 ms - -[0m
[0mGET /upload/be7935200919ac8ac87b0604ca02ce9e.jpg [36m304 [0m1.169 ms - -[0m
[0mGET /upload/head.jpg [36m304 [0m1.282 ms - -[0m
[0mGET /upload/da0d0555d095d00702eb6544a9893bdb.jpg [36m304 [0m1.299 ms - -[0m
[0mPOST /seticon?token=172a1d9a45681d49e18e0578d83d5b5d [0m- [0m- ms - -[0m
[0mPOST /seticon?token=172a1d9a45681d49e18e0578d83d5b5d [0m- [0m- ms - -[0m
[0mPOST /seticon?token=172a1d9a45681d49e18e0578d83d5b5d [0m- [0m- ms - -[0m
[0mGET / [32m200 [0m42.091 ms - 207[0m
OK
[0mGET /stylesheets/style.css [36m304 [0m1.227 ms - -[0m
[0mGET /favicon.ico [32m200 [0m2.435 ms - 67646[0m
[0mGET / [36m304 [0m4.065 ms - -[0m
OK
[0mGET /stylesheets/style.css [36m304 [0m0.310 ms - -[0m
[0mGET / [36m304 [0m1.921 ms - -[0m
OK
[0mGET /stylesheets/style.css [36m304 [0m0.351 ms - -[0m
[0mGET / [36m304 [0m1.692 ms - -[0m
OK
[0mGET /stylesheets/style.css [36m304 [0m1.991 ms - -[0m
[0mGET / [32m200 [0m1.305 ms - 207[0m
OK
[0mGET /stylesheets/style.css [36m304 [0m0.302 ms - -[0m
[0mGET / [32m200 [0m1.288 ms - 207[0m
OK
[0mGET /stylesheets/style.css [36m304 [0m2.065 ms - -[0m
[0mGET /favicon.ico [32m200 [0m1.648 ms - 67646[0m
[0mGET / [36m304 [0m2.681 ms - -[0m
OK
[0mGET /stylesheets/style.css [36m304 [0m1.109 ms - -[0m
[0mGET /favicon.ico [32m200 [0m0.837 ms - 67646[0m
[0mGET / [32m200 [0m1.117 ms - 207[0m
OK
[0mGET /stylesheets/style.css [36m304 [0m0.425 ms - -[0m
[0mGET /favicon.ico [32m200 [0m0.870 ms - 67646[0m
[0mGET / [36m304 [0m4.492 ms - -[0m
OK
[0mGET /stylesheets/style.css [36m304 [0m0.350 ms - -[0m
[0mGET /favicon.ico [32m200 [0m0.670 ms - 67646[0m
[0mGET / [36m304 [0m5.181 ms - -[0m
OK
[0mGET /stylesheets/style.css [36m304 [0m0.381 ms - -[0m
[0mGET /favicon.ico [32m200 [0m1.842 ms - 67646[0m
[0mGET / [36m304 [0m1.358 ms - -[0m
OK
[0mGET /stylesheets/style.css [36m304 [0m0.686 ms - -[0m
[0mGET /favicon.ico [32m200 [0m1.191 ms - 67646[0m
[0mGET / [36m304 [0m1.510 ms - -[0m
OK
[0mGET /stylesheets/style.css [36m304 [0m0.319 ms - -[0m
[0mGET /favicon.ico [32m200 [0m0.689 ms - 67646[0m
