[0mGET /update.json [36m304 [0m7.515 ms - -[0m
[0mPOST /collectphone [32m200 [0m161.267 ms - 46[0m
[0mPOST /login [32m200 [0m19.774 ms - 88[0m
[0mPOST /setgetui [32m200 [0m8.090 ms - 41[0m
[0mPOST /listgroup [32m200 [0m9.287 ms - 195[0m
[0mPOST /getuserinfo [32m200 [0m4.757 ms - 538[0m
[0mGET /upload/c6504b6c2c3d0e1191c313a8cce640c4.jpg [32m200 [0m12.485 ms - 207[0m
OK
[0mGET /upload/head.jpg [36m304 [0m0.692 ms - -[0m
[0mGET /upload/be7935200919ac8ac87b0604ca02ce9e.jpg [36m304 [0m0.393 ms - -[0m
[0mPOST /sendchgphonecode [32m200 [0m5.283 ms - 46[0m
[0mGET /update.json [36m304 [0m1.101 ms - -[0m
[0mPOST /collectphone [32m200 [0m125.839 ms - 46[0m
[0mPOST /setgetui [32m200 [0m17.144 ms - 41[0m
[0mPOST /getuserinfo [32m200 [0m5.271 ms - 538[0m
[0mGET /upload/c6504b6c2c3d0e1191c313a8cce640c4.jpg [32m200 [0m4.777 ms - 207[0m
OK
[0mGET /upload/be7935200919ac8ac87b0604ca02ce9e.jpg [36m304 [0m1.065 ms - -[0m
[0mGET /upload/head.jpg [36m304 [0m1.413 ms - -[0m
[0mPOST /getmycard [32m200 [0m5.924 ms - 451[0m
[0mPOST /getmycard [32m200 [0m4.873 ms - 451[0m
[0mPOST /editcard [32m200 [0m1.591 ms - 52[0m
[0mPOST /getmycard [32m200 [0m4.517 ms - 451[0m
[0mPOST /getmycard [32m200 [0m5.001 ms - 451[0m
[0mGET /update.json [36m304 [0m0.645 ms - -[0m
[0mPOST /getuserinfo [32m200 [0m3.681 ms - 538[0m
[0mGET /upload/c6504b6c2c3d0e1191c313a8cce640c4.jpg [32m200 [0m2.014 ms - 207[0m
OK
[0mGET /upload/head.jpg [36m304 [0m0.345 ms - -[0m
[0mGET /upload/be7935200919ac8ac87b0604ca02ce9e.jpg [36m304 [0m0.590 ms - -[0m
[0mGET / [32m200 [0m2.862 ms - 207[0m
OK
[0mGET /update.json [32m200 [0m3.378 ms - 192[0m
[0mGET /sharecarding.apk [32m200 [0m2.221 ms - 6688292[0m
[0mGET /sharecarding.apk [32m200 [0m2.506 ms - 6688292[0m
[0mGET /sharecarding.apk [32m200 [0m3.209 ms - 6688292[0m
[0mGET /update.json [36m304 [0m0.465 ms - -[0m
[0mGET /sharecarding.apk [32m200 [0m1.383 ms - 6688292[0m
[0mGET /update.json [32m200 [0m0.723 ms - 192[0m
[0mGET /sharecarding.apk [32m200 [0m1.785 ms - 6688292[0m
[0mGET /update.json [36m304 [0m0.558 ms - -[0m
[0mPOST /setgetui [32m200 [0m4.931 ms - 41[0m
[0mPOST /getuserinfo [32m200 [0m4.401 ms - 538[0m
[0mGET /upload/c6504b6c2c3d0e1191c313a8cce640c4.jpg [32m200 [0m2.773 ms - 207[0m
OK
[0mGET /upload/head.jpg [36m304 [0m0.439 ms - -[0m
[0mGET /upload/be7935200919ac8ac87b0604ca02ce9e.jpg [36m304 [0m0.860 ms - -[0m
[0mPOST /getmycard [32m200 [0m7.452 ms - 451[0m
[0mPOST /getmycard [32m200 [0m7.358 ms - 451[0m
crypto.js:70
  this._handle.update(data, encoding);
               ^

TypeError: HashUpdate fail
    at TypeError (native)
    at Hash.update (crypto.js:70:16)
    at Command.callback (/root/models/msgModel.js:141:9)
    at RedisClient.return_reply (/root/node_modules/redis/index.js:642:25)
    at /root/node_modules/redis/index.js:307:18
    at _combinedTickCallback (node.js:376:9)
    at process._tickCallback (node.js:407:11)
error: Forever detected script exited with code: 1
error: Script restart attempt #1
[0mPOST /sendchgphonecode [32m200 [0m37.303 ms - 46[0m
[0mPOST /getmycard [32m200 [0m23.702 ms - 451[0m
[0mPOST /getmycard [32m200 [0m10.799 ms - 451[0m
å´æ—è¾‰:18906032142|å‘¨å°æ´:18352070979|é—«æµ·å†›:13914627852|æ²ˆæµ·ç‡•:18068693707|å¼ ç¼èŠ³:15262909134|é€šè®¯å½• ios å†¯ä¿æƒ :18911032884|æå…°:13694287981|æ–‡æ³¢:15687177279|å¼ ä¿Š:13167102701|ä¸Šæµ·ç™¾åº¦æ¨å¹¿:15001757479|æåŠ é”‹:13564899088|æœ±æµ©:18951407642|æ–¹æµ·é¾™:15195830609|ä¿¡èå¤©ä¸‹ä½™æ¨å¥:13414902401|è–›ææ¢—:18260623135|ä¸Šæµ·è´¢åŠ¡ä»£ç†:13122409600|æˆ´æ˜Ÿæ˜Ÿ:15105110755|è‰¾æ°é£äººåŠ›èµ„æº:15000587187|é‡‘è´å£³ æ›¾å“¥:13817528790|æ–‡æ³¢:18501791578|å¤§èˆ…å¦ˆ:13166107451|å°å•:18052824156|åˆ˜æ˜ é›ª:18951408284|æ–¹å›å›:18352071278|å°é©¬:18013441499|é’é’:18352035687|å­¦å³°:18652820386|ç¼˜æ¥é²œæè¾‰:18701734177|å››å§¨:15189257110|å‘¨æ…§é’¢:18516563852|ç‹äº‘:15722796636|è€é»„:18616119816|è‹—å°Šé¢†:15052041316|å‘¨æ…§é’¢:18516573852|æˆ¿ä¸œå¼ ä¿Š:13564885202|ç‹å­¦å³°:15139499798|è‚–åŠ›:13611684560|ä¸‡å¼º:14705150715|ä¿¡èå¤©ä¸‹æ¾¤å“¥:18688374818|ç‹ç£Š:13921399634|é—«é‘«:15365862778|ç»ä¸œæƒ:15951933892|å¼ ä¹¦æˆ:18522022921|é€šè®¯å½• å®‰å“ æ¨åŠ ä¹:18551091994|å¼ å:18652812665|æ–¹èŠ³:18262285360|éƒ­åº†åº†:13815152687|æ¢ä¸½å¨Ÿ:13851333497|æ›¾å‡¡å†›:13817733804|è¢ä¿®æ–Œ:18305160191|é™¶å…°:15950271975|å­™é’°çˆ¸çˆ¸:13270034469|å‘¨å­¦è‰¯:18662090982|ç‰Ÿå¤§ç»´:15618475050|å­£å†°è“‰:13905295502|å­™çˆ±ç:18905280804|å°¤æˆæˆ:15605290907|è‹å‡¯:18013445499|é‚±é‡‘å†°:15050868990|æ–¹ä¹™åŒ:15951820868|å¼ æ²ˆæ³¢:18121020447|å†’å°æ…§:18662259242|å­™é’°å°å§¨:18918166604|æ–¹ä¹™åŒ:18501704596|é¡¾å‡çº§:18662051239|å¼ ç¾:13815155893|é™ˆè‰¯å‘¨å¸ˆå‚…:15161920057|èƒ¡æ€€æ’­:13337778966|æ–¹å›½å‘:18761287118|å°çŒ«:18652865593|å¼ æ˜ç :17802672606|å¼ æ€å¸†:18951402979|å¾æ™¯ é«˜é¡¿:17717626213|å¼ ä¿Šè€å©†:18916952932|å´äº®:15651985676|è¢ä¿®æ–Œ:18796019653|é‘«é‡‘æ‰€ å­™æ¸¡:18629577321|ç¼˜æ¥é²œææµ©ç„¶:13162105045|ä¸Šæµ·é•¿åŸå®½å¸¦:18621029075|é¡¹ä»æ´‹:13952949248|åº„èè:18061821107|å¼ æµ·ä¸½:15262903565|å¼ ä¿Š:15502172960|æ–¹å›½è´¢:15961927648|ç›åŸ å…¬å¸æ³¨å†Œ:15366554444|å¼ åˆ›:18602896391|å‘¨å©·å©·:13524583402|ç‹éŸ¬:18629867888|å‘¨å©·å©·:15669992791|å°è‹:15262901257|ç‹èŠ³:18061180293|ç»ä¸œæƒ:15365693126|é‡‘è´å£³:15121085325|æ–¹æµ·äº®:18662026482:/upload/c6504b6c2c3d0e1191c313a8cce640c4.jpg:ä¸Šæµ·å¸‚é»„æµ¦åŒºé•¿ä¹è·¯59:ä¸Šæµ·å¸‚:é»„æµ¦åŒº:è‰¾æ°é£äººåŠ›èµ„æº:PHPæ‹…å½“|å­™é’°:15216669259:/upload/be7935200919ac8ac87b0604ca02ce9e.jpg:ä¸Šæµ·å¸‚é—µè¡ŒåŒºç§€æ–‡è·¯:ä¸Šæµ·å¸‚:é—µè¡ŒåŒº:åç‡•æ¶ˆé˜²:è´¢åŠ¡ä¼šè®¡|æ¢å®å…°:18252244257:/upload/head.jpg:æ±Ÿè‹çœç›åŸå¸‚é˜œå®å¿ä¸Šæµ·è·¯:ç›åŸå¸‚:é˜œå®å¿|
[0mPOST /getcontactors [32m200 [0m138.813 ms - 2543[0m
[0mGET /upload/c6504b6c2c3d0e1191c313a8cce640c4.jpg [32m200 [0m10.754 ms - 207[0m
OK
[0mGET /upload/head.jpg [36m304 [0m2.433 ms - -[0m
[0mGET /upload/be7935200919ac8ac87b0604ca02ce9e.jpg [36m304 [0m0.485 ms - -[0m
[0mPOST /getmycard [32m200 [0m5.950 ms - 451[0m
[0mPOST /getmycard [32m200 [0m5.697 ms - 451[0m
[0mPOST /getmycard [32m200 [0m5.983 ms - 451[0m
[0mPOST /getmycard [32m200 [0m4.838 ms - 451[0m
[0mPOST /listmembers [32m200 [0m12.133 ms - 277[0m
[0mGET /upload/c6504b6c2c3d0e1191c313a8cce640c4.jpg [32m200 [0m2.363 ms - 207[0m
OK
[0mGET /upload/head.jpg [36m304 [0m0.470 ms - -[0m
[0mGET /upload/be7935200919ac8ac87b0604ca02ce9e.jpg [36m304 [0m0.885 ms - -[0m
[0mGET /update.json [36m304 [0m1.010 ms - -[0m
[0mPOST /setgetui [32m200 [0m7.739 ms - 41[0m
[0mGET /upload/c6504b6c2c3d0e1191c313a8cce640c4.jpg [32m200 [0m1.348 ms - 207[0m
OK
[0mGET /upload/head.jpg [36m304 [0m0.421 ms - -[0m
[0mGET /upload/be7935200919ac8ac87b0604ca02ce9e.jpg [36m304 [0m2.120 ms - -[0m
[0mGET /update.json [36m304 [0m0.466 ms - -[0m
[0mGET /update.json [36m304 [0m1.167 ms - -[0m
[0mPOST /setgetui [32m200 [0m9.770 ms - 41[0m
[0mPOST /getuserinfo [32m200 [0m8.126 ms - 471[0m
[0mGET /upload/c6504b6c2c3d0e1191c313a8cce640c4.jpg [32m200 [0m2.166 ms - 207[0m
OK
[0mGET /upload/head.jpg [36m304 [0m1.244 ms - -[0m
[0mGET /upload/be7935200919ac8ac87b0604ca02ce9e.jpg [36m304 [0m0.470 ms - -[0m
[0mGET /update.json [36m304 [0m0.491 ms - -[0m
[0mPOST /collectphone [32m200 [0m122.601 ms - 46[0m
[0mPOST /setgetui [32m200 [0m6.755 ms - 41[0m
[0mPOST /getuserinfo [32m200 [0m5.551 ms - 471[0m
[0mGET /upload/c6504b6c2c3d0e1191c313a8cce640c4.jpg [32m200 [0m2.350 ms - 207[0m
OK
[0mGET /upload/head.jpg [36m304 [0m0.689 ms - -[0m
[0mGET /upload/be7935200919ac8ac87b0604ca02ce9e.jpg [36m304 [0m0.323 ms - -[0m
[0mPOST /getcard [32m200 [0m4.633 ms - 451[0m
[0mPOST /getcard [32m200 [0m3.340 ms - 119[0m
[0mPOST /getcard [32m200 [0m5.476 ms - 119[0m
[0mGET /update.json [32m200 [0m3.128 ms - 192[0m
[0mPOST /collectphone [32m200 [0m766.218 ms - 46[0m
[0mGET /update.json [36m304 [0m1.657 ms - -[0m
[0mPOST /collectphone [32m200 [0m623.272 ms - 46[0m
[0mGET /update.json [32m200 [0m2.080 ms - 192[0m
[0mPOST /collectphone [32m200 [0m7.412 ms - 46[0m
[0mGET /update.json [32m200 [0m1.178 ms - 192[0m
[0mGET /sharecarding.apk [32m200 [0m0.904 ms - 6688292[0m
[0mGET /update.json [36m304 [0m0.589 ms - -[0m
[0mPOST /setgetui [32m200 [0m4.835 ms - 41[0m
[0mGET /upload/c6504b6c2c3d0e1191c313a8cce640c4.jpg [32m200 [0m2.480 ms - 207[0m
OK
[0mGET /upload/head.jpg [36m304 [0m0.493 ms - -[0m
[0mGET /upload/be7935200919ac8ac87b0604ca02ce9e.jpg [36m304 [0m0.506 ms - -[0m
[0mPOST /listgroup [32m200 [0m6.211 ms - 195[0m
[0mGET / [32m200 [0m2.054 ms - 207[0m
OK
[0mGET /update.json [36m304 [0m1.047 ms - -[0m
[0mPOST /setgetui [32m200 [0m3.673 ms - 41[0m
[0mPOST /getuserinfo [32m200 [0m4.155 ms - 471[0m
[0mGET /upload/c6504b6c2c3d0e1191c313a8cce640c4.jpg [32m200 [0m1.232 ms - 207[0m
OK
[0mGET /upload/head.jpg [36m304 [0m0.313 ms - -[0m
[0mGET /upload/be7935200919ac8ac87b0604ca02ce9e.jpg [36m304 [0m1.597 ms - -[0m
[0mPOST /getmycard [32m200 [0m5.506 ms - 451[0m
[0mPOST /getmycard [32m200 [0m4.975 ms - 451[0m
[0mPOST /listmembers [32m200 [0m10.006 ms - 277[0m
[0mGET /upload/c6504b6c2c3d0e1191c313a8cce640c4.jpg [32m200 [0m1.590 ms - 207[0m
OK
[0mGET /upload/head.jpg [36m304 [0m0.544 ms - -[0m
[0mGET /upload/be7935200919ac8ac87b0604ca02ce9e.jpg [36m304 [0m0.309 ms - -[0m
[0mPOST /listmembers [32m200 [0m8.708 ms - 277[0m
[0mGET /upload/c6504b6c2c3d0e1191c313a8cce640c4.jpg [32m200 [0m1.167 ms - 207[0m
OK
[0mGET /update.json [36m304 [0m0.523 ms - -[0m
[0mPOST /collectphone [32m200 [0m120.881 ms - 46[0m
[0mPOST /setgetui [32m200 [0m4.160 ms - 41[0m
[0mPOST /getuserinfo [32m200 [0m4.027 ms - 471[0m
[0mGET /upload/head.jpg [36m304 [0m1.605 ms - -[0m
[0mGET /upload/be7935200919ac8ac87b0604ca02ce9e.jpg [36m304 [0m2.047 ms - -[0m
[0mGET /upload/c6504b6c2c3d0e1191c313a8cce640c4.jpg [32m200 [0m3.608 ms - 207[0m
OK
æ–‡æ³¢:18501791578|å¤§èˆ…å¦ˆ:13166107451|å°å•:18052824156|åˆ˜æ˜ é›ª:18951408284|æ–¹å›å›:18352071278|å°é©¬:18013441499|é’é’:18352035687|å­¦å³°:18652820386|ç¼˜æ¥é²œæè¾‰:18701734177|å››å§¨:15189257110|å‘¨æ…§é’¢:18516563852|ç‹äº‘:15722796636|è€é»„:18616119816|è‹—å°Šé¢†:15052041316|å‘¨æ…§é’¢:18516573852|æˆ¿ä¸œå¼ ä¿Š:13564885202|ç‹å­¦å³°:15139499798|è‚–åŠ›:13611684560|ä¸‡å¼º:14705150715|ä¿¡èå¤©ä¸‹æ¾¤å“¥:18688374818|ç‹ç£Š:13921399634|é—«é‘«:15365862778|ç»ä¸œæƒ:15951933892|å¼ ä¹¦æˆ:18522022921|é€šè®¯å½• å®‰å“ æ¨åŠ ä¹:18551091994|å¼ å:18652812665|æ–¹èŠ³:18262285360|éƒ­åº†åº†:13815152687|æ¢ä¸½å¨Ÿ:13851333497|æ›¾å‡¡å†›:13817733804|è¢ä¿®æ–Œ:18305160191|é™¶å…°:15950271975|å­™é’°çˆ¸çˆ¸:13270034469|å‘¨å­¦è‰¯:18662090982|ç‰Ÿå¤§ç»´:15618475050|å­£å†°è“‰:13905295502|å­™çˆ±ç:18905280804|å°¤æˆæˆ:15605290907|è‹å‡¯:18013445499|é‚±é‡‘å†°:15050868990|æ–¹ä¹™åŒ:15951820868|å¼ æ²ˆæ³¢:18121020447|å†’å°æ…§:18662259242|å­™é’°å°å§¨:18918166604|æ–¹ä¹™åŒ:18501704596|é¡¾å‡çº§:18662051239|å¼ ç¾:13815155893|é™ˆè‰¯å‘¨å¸ˆå‚…:15161920057|èƒ¡æ€€æ’­:13337778966|æ–¹å›½å‘:18761287118|å°çŒ«:18652865593|å¼ æ˜ç :17802672606|å¼ æ€å¸†:18951402979|å¾æ™¯ é«˜é¡¿:17717626213|å¼ ä¿Šè€å©†:18916952932|ä¸Šæµ·æå–å…¬ç§¯é‡‘:15802152692|å´äº®:15651985676|è¢ä¿®æ–Œ:18796019653|é‘«é‡‘æ‰€ å­™æ¸¡:18629577321|ç¼˜æ¥é²œææµ©ç„¶:13162105045|ä¸Šæµ·é•¿åŸå®½å¸¦:18621029075|é¡¹ä»æ´‹:13952949248|åº„èè:18061821107|å¼ æµ·ä¸½:15262903565|å¼ ä¿Š:15502172960|æ–¹å›½è´¢:15961927648|ç›åŸ å…¬å¸æ³¨å†Œ:15366554444|å¼ åˆ›:18602896391|å‘¨å©·å©·:13524583402|ç‹éŸ¬:18629867888|å‘¨å©·å©·:15669992791|å°è‹:15262901257|ç‹èŠ³:18061180293|ç»ä¸œæƒ:15365693126|é‡‘è´å£³:15121085325|åˆ˜è¶Š:18502267395|å´æ—è¾‰:18906032142|å‘¨å°æ´:18352070979|é—«æµ·å†›:13914627852|æ²ˆæµ·ç‡•:18068693707|å¼ ç¼èŠ³:15262909134|é€šè®¯å½• ios å†¯ä¿æƒ :18911032884|æå…°:13694287981|æ–‡æ³¢:15687177279|å¼ ä¿Š:13167102701|ä¸Šæµ·ç™¾åº¦æ¨å¹¿:15001757479|æåŠ é”‹:13564899088|æœ±æµ©:18951407642|æ–¹æµ·é¾™:15195830609|ä¿¡èå¤©ä¸‹ä½™æ¨å¥:13414902401|è–›ææ¢—:18260623135|ä¸Šæµ·è´¢åŠ¡ä»£ç†:13122409600|æˆ´æ˜Ÿæ˜Ÿ:15105110755|è‰¾æ°é£äººåŠ›èµ„æº:15000587187|é‡‘è´å£³ æ›¾å“¥:13817528790|æ¢å®å…°:18252244257:/upload/head.jpg:æ±Ÿè‹çœç›åŸå¸‚é˜œå®å¿ä¸Šæµ·è·¯:ç›åŸå¸‚:é˜œå®å¿|æ–¹æµ·äº®:18662026482:/upload/c6504b6c2c3d0e1191c313a8cce640c4.jpg::::è‰¾æ°é£äººåŠ›èµ„æº:PHPæ‹…å½“|å­™é’°:15216669259:/upload/be7935200919ac8ac87b0604ca02ce9e.jpg:ä¸Šæµ·å¸‚é—µè¡ŒåŒºç§€æ–‡è·¯:ä¸Šæµ·å¸‚:é—µè¡ŒåŒº:åç‡•æ¶ˆé˜²:è´¢åŠ¡ä¼šè®¡|
[0mPOST /getcontactors [32m200 [0m63.210 ms - 2549[0m
[0mGET /upload/c6504b6c2c3d0e1191c313a8cce640c4.jpg [32m200 [0m1.355 ms - 207[0m
OK
[0mPOST /getmycard [32m200 [0m5.024 ms - 451[0m
[0mGET /update.json [32m200 [0m1.052 ms - 192[0m
[0mGET /sharecarding.apk [32m200 [0m0.854 ms - 6688292[0m
[0mPOST /collectphone [32m200 [0m264.689 ms - 46[0m
[0mGET /update.json [32m200 [0m3.155 ms - 192[0m
[0mGET /sharecarding.apk [32m200 [0m0.880 ms - 6688292[0m
[0mGET /update.json [36m304 [0m0.731 ms - -[0m
[0mGET /sharecarding.apk [32m200 [0m0.832 ms - 6688292[0m
[0mGET / [32m200 [0m2.391 ms - 207[0m
OK
[0mGET /stylesheets/style.css [36m304 [0m1.041 ms - -[0m
[0mGET /update.json [32m200 [0m0.962 ms - 192[0m
[0mGET /sharecarding.apk [32m200 [0m0.840 ms - 6688292[0m
[0mPOST /collectphone [32m200 [0m111.473 ms - 46[0m
[0mPOST /login [32m200 [0m5.214 ms - 88[0m
{ [ValidationError: tokens validation failed]
  stack: 'Error\n    at MongooseError.ValidationError (/root/node_modules/mongoose/lib/error/validation.js:22:16)\n    at model.Document.invalidate (/root/node_modules/mongoose/lib/document.js:1266:32)\n    at /root/node_modules/mongoose/lib/document.js:1141:16\n    at validate (/root/node_modules/mongoose/lib/schematype.js:662:7)\n    at /root/node_modules/mongoose/lib/schematype.js:693:9\n    at Array.forEach (native)\n    at SchemaDate.SchemaType.doValidate (/root/node_modules/mongoose/lib/schematype.js:667:19)\n    at /root/node_modules/mongoose/lib/document.js:1139:9\n    at _combinedTickCallback (node.js:376:9)\n    at process._tickCallback (node.js:407:11)',
  message: 'tokens validation failed',
  name: 'ValidationError',
  errors: 
   { avatime: 
      { [ValidatorError: Path `avatime` is required.]
        properties: [Object],
        stack: 'Error\n    at MongooseError.ValidatorError (/root/node_modules/mongoose/lib/error/validator.js:25:16)\n    at validate (/root/node_modules/mongoose/lib/schematype.js:661:13)\n    at /root/node_modules/mongoose/lib/schematype.js:693:9\n    at Array.forEach (native)\n    at SchemaDate.SchemaType.doValidate (/root/node_modules/mongoose/lib/schematype.js:667:19)\n    at /root/node_modules/mongoose/lib/document.js:1139:9\n    at _combinedTickCallback (node.js:376:9)\n    at process._tickCallback (node.js:407:11)',
        message: 'Path `avatime` is required.',
        name: 'ValidatorError',
        kind: 'required',
        path: 'avatime',
        value: undefined } } }
[0mPOST /setgetui [32m200 [0m2.191 ms - 46[0m
[0mPOST /listgroup [32m200 [0m2.165 ms - 46[0m
[0mPOST /getuserinfo [32m200 [0m2.223 ms - 46[0m
[0mPOST /getcontactors [32m200 [0m1.940 ms - 46[0m
[0mGET /update.json [36m304 [0m2.762 ms - -[0m
[0mPOST /collectphone [32m200 [0m121.359 ms - 46[0m
[0mPOST /login [32m200 [0m4.367 ms - 88[0m
{ [ValidationError: tokens validation failed]
  stack: 'Error\n    at MongooseError.ValidationError (/root/node_modules/mongoose/lib/error/validation.js:22:16)\n    at model.Document.invalidate (/root/node_modules/mongoose/lib/document.js:1266:32)\n    at /root/node_modules/mongoose/lib/document.js:1141:16\n    at validate (/root/node_modules/mongoose/lib/schematype.js:662:7)\n    at /root/node_modules/mongoose/lib/schematype.js:693:9\n    at Array.forEach (native)\n    at SchemaDate.SchemaType.doValidate (/root/node_modules/mongoose/lib/schematype.js:667:19)\n    at /root/node_modules/mongoose/lib/document.js:1139:9\n    at _combinedTickCallback (node.js:376:9)\n    at process._tickCallback (node.js:407:11)',
  message: 'tokens validation failed',
  name: 'ValidationError',
  errors: 
   { avatime: 
      { [ValidatorError: Path `avatime` is required.]
        properties: [Object],
        stack: 'Error\n    at MongooseError.ValidatorError (/root/node_modules/mongoose/lib/error/validator.js:25:16)\n    at validate (/root/node_modules/mongoose/lib/schematype.js:661:13)\n    at /root/node_modules/mongoose/lib/schematype.js:693:9\n    at Array.forEach (native)\n    at SchemaDate.SchemaType.doValidate (/root/node_modules/mongoose/lib/schematype.js:667:19)\n    at /root/node_modules/mongoose/lib/document.js:1139:9\n    at _combinedTickCallback (node.js:376:9)\n    at process._tickCallback (node.js:407:11)',
        message: 'Path `avatime` is required.',
        name: 'ValidatorError',
        kind: 'required',
        path: 'avatime',
        value: undefined } } }
[0mPOST /listgroup [32m200 [0m2.119 ms - 46[0m
[0mPOST /getuserinfo [32m200 [0m1.946 ms - 46[0m
[0mPOST /getcontactors [32m200 [0m1.169 ms - 46[0m
[0mGET / [32m200 [0m2.746 ms - 207[0m
OK
[0mGET /stylesheets/style.css [36m304 [0m0.533 ms - -[0m
[0mGET /stylesheets/style.css [36m304 [0m0.555 ms - -[0m
[0mGET /fav.ico [32m200 [0m1.759 ms - 207[0m
OK
[0mGET /stylesheets/style.css [36m304 [0m0.359 ms - -[0m
[0mGET /fav.ico [32m200 [0m1.459 ms - 207[0m
OK
[0mGET /stylesheets/style.css [36m304 [0m0.382 ms - -[0m
[0mGET /favicon.ico [32m200 [0m0.742 ms - 67646[0m
[0mGET /fav.ico [32m200 [0m1.476 ms - 207[0m
OK
[0mGET /stylesheets/style.css [36m304 [0m0.396 ms - -[0m
[0mGET /favicon.ico [32m200 [0m0.619 ms - 67646[0m
[0mGET /fav.ico [32m200 [0m2.254 ms - 207[0m
OK
[0mGET /stylesheets/style.css [36m304 [0m0.497 ms - -[0m
[0mGET /favicon.ico [32m200 [0m0.752 ms - 67646[0m
[0mGET /stylesheets/style.css [36m304 [0m0.536 ms - -[0m
[0mGET /fav.ico [32m200 [0m1.339 ms - 207[0m
OK
[0mGET /stylesheets/style.css [36m304 [0m1.330 ms - -[0m
[0mGET /fav.ico [32m200 [0m1.254 ms - 207[0m
OK
[0mGET /stylesheets/style.css [36m304 [0m0.524 ms - -[0m
[0mGET / [32m200 [0m1.180 ms - 207[0m
OK
[0mGET /stylesheets/style.css [32m200 [0m0.581 ms - 111[0m
[0mGET /favicon.ico [32m200 [0m0.472 ms - 67646[0m
[0mGET / [32m200 [0m1.076 ms - 207[0m
OK
[0mGET /fav.ico [32m200 [0m1.210 ms - 207[0m
OK
[0mGET /stylesheets/style.css [36m304 [0m1.214 ms - -[0m
[0mGET /fav.ico [32m200 [0m3.514 ms - 207[0m
OK
[0mGET /fav.ico [32m200 [0m1.145 ms - 207[0m
OK
[0mGET /stylesheets/style.css [36m304 [0m0.327 ms - -[0m
[0mGET /fav.ico [32m200 [0m1.572 ms - 207[0m
OK
[0mGET /stylesheets/style.css [36m304 [0m0.345 ms - -[0m
[0mGET /fav.ico [32m200 [0m1.226 ms - 207[0m
OK
[0mGET /stylesheets/style.css [36m304 [0m0.335 ms - -[0m
[0mGET /fav.ico [32m200 [0m4.042 ms - 207[0m
OK
[0mGET /stylesheets/style.css [36m304 [0m0.334 ms - -[0m
[0mGET /update.json [36m304 [0m0.459 ms - -[0m
[0mPOST /collectphone [32m200 [0m90.024 ms - 46[0m
[0mPOST /login [32m200 [0m4.399 ms - 88[0m
{ [ValidationError: tokens validation failed]
  stack: 'Error\n    at MongooseError.ValidationError (/root/node_modules/mongoose/lib/error/validation.js:22:16)\n    at model.Document.invalidate (/root/node_modules/mongoose/lib/document.js:1266:32)\n    at /root/node_modules/mongoose/lib/document.js:1141:16\n    at validate (/root/node_modules/mongoose/lib/schematype.js:662:7)\n    at /root/node_modules/mongoose/lib/schematype.js:693:9\n    at Array.forEach (native)\n    at SchemaDate.SchemaType.doValidate (/root/node_modules/mongoose/lib/schematype.js:667:19)\n    at /root/node_modules/mongoose/lib/document.js:1139:9\n    at _combinedTickCallback (node.js:376:9)\n    at process._tickCallback (node.js:407:11)',
  message: 'tokens validation failed',
  name: 'ValidationError',
  errors: 
   { avatime: 
      { [ValidatorError: Path `avatime` is required.]
        properties: [Object],
        stack: 'Error\n    at MongooseError.ValidatorError (/root/node_modules/mongoose/lib/error/validator.js:25:16)\n    at validate (/root/node_modules/mongoose/lib/schematype.js:661:13)\n    at /root/node_modules/mongoose/lib/schematype.js:693:9\n    at Array.forEach (native)\n    at SchemaDate.SchemaType.doValidate (/root/node_modules/mongoose/lib/schematype.js:667:19)\n    at /root/node_modules/mongoose/lib/document.js:1139:9\n    at _combinedTickCallback (node.js:376:9)\n    at process._tickCallback (node.js:407:11)',
        message: 'Path `avatime` is required.',
        name: 'ValidatorError',
        kind: 'required',
        path: 'avatime',
        value: undefined } } }
[0mPOST /setgetui [32m200 [0m2.206 ms - 46[0m
[0mPOST /listgroup [32m200 [0m3.521 ms - 46[0m
[0mPOST /getuserinfo [32m200 [0m1.919 ms - 46[0m
[0mPOST /getcontactors [32m200 [0m1.915 ms - 46[0m
